C:\USERS\REEKO\APPDATA\LOCAL\TEMP\PS3PPULD100322\BO2_GT
C:\USERS\REEKO\APPDATA\LOCAL\TEMP\PS3PPULD100322\LIB.ENT.O
C:\USERS\REEKO\APPDATA\LOCAL\TEMP\PS3PPULD100362\BO2_GT
C:\USERS\REEKO\APPDATA\LOCAL\TEMP\PS3PPULD100362\LIB.ENT.O
C:\USERS\REEKO\APPDATA\LOCAL\TEMP\PS3PPULD101122\BO2_GT
C:\USERS\REEKO\APPDATA\LOCAL\TEMP\PS3PPULD101122\LIB.ENT.O
C:\USERS\REEKO\APPDATA\LOCAL\TEMP\PS3PPULD101562\BO2_GT
C:\USERS\REEKO\APPDATA\LOCAL\TEMP\PS3PPULD101562\LIB.ENT.O
C:\USERS\REEKO\APPDATA\LOCAL\TEMP\PS3PPULD102722\BO2_GT
C:\USERS\REEKO\APPDATA\LOCAL\TEMP\PS3PPULD102722\LIB.ENT.O
C:\USERS\REEKO\APPDATA\LOCAL\TEMP\PS3PPULD102842\BO2_GT
C:\USERS\REEKO\APPDATA\LOCAL\TEMP\PS3PPULD102842\LIB.ENT.O
C:\USERS\REEKO\APPDATA\LOCAL\TEMP\PS3PPULD105042\BO2_GT
C:\USERS\REEKO\APPDATA\LOCAL\TEMP\PS3PPULD105042\LIB.ENT.O
C:\USERS\REEKO\APPDATA\LOCAL\TEMP\PS3PPULD106402\BO2_GT
C:\USERS\REEKO\APPDATA\LOCAL\TEMP\PS3PPULD106402\LIB.ENT.O
C:\USERS\REEKO\APPDATA\LOCAL\TEMP\PS3PPULD106882\BO2_GT
C:\USERS\REEKO\APPDATA\LOCAL\TEMP\PS3PPULD106882\LIB.ENT.O
C:\USERS\REEKO\APPDATA\LOCAL\TEMP\PS3PPULD106922\BO2_GT
C:\USERS\REEKO\APPDATA\LOCAL\TEMP\PS3PPULD106922\LIB.ENT.O
C:\USERS\REEKO\APPDATA\LOCAL\TEMP\PS3PPULD110402\BO2_GT
C:\USERS\REEKO\APPDATA\LOCAL\TEMP\PS3PPULD110402\LIB.ENT.O
C:\USERS\REEKO\APPDATA\LOCAL\TEMP\PS3PPULD111082\BO2_GT
C:\USERS\REEKO\APPDATA\LOCAL\TEMP\PS3PPULD111082\LIB.ENT.O
C:\USERS\REEKO\APPDATA\LOCAL\TEMP\PS3PPULD111522\BO2_GT
C:\USERS\REEKO\APPDATA\LOCAL\TEMP\PS3PPULD111522\LIB.ENT.O
C:\USERS\REEKO\APPDATA\LOCAL\TEMP\PS3PPULD113242\BO2_GT
C:\USERS\REEKO\APPDATA\LOCAL\TEMP\PS3PPULD113242\LIB.ENT.O
C:\USERS\REEKO\APPDATA\LOCAL\TEMP\PS3PPULD114122\BO2_GT
C:\USERS\REEKO\APPDATA\LOCAL\TEMP\PS3PPULD114122\LIB.ENT.O
C:\USERS\REEKO\APPDATA\LOCAL\TEMP\PS3PPULD114642\BO2_GT
C:\USERS\REEKO\APPDATA\LOCAL\TEMP\PS3PPULD114642\LIB.ENT.O
C:\USERS\REEKO\APPDATA\LOCAL\TEMP\PS3PPULD115082\BO2_GT
C:\USERS\REEKO\APPDATA\LOCAL\TEMP\PS3PPULD115082\LIB.ENT.O
C:\USERS\REEKO\APPDATA\LOCAL\TEMP\PS3PPULD115242\BO2_GT
C:\USERS\REEKO\APPDATA\LOCAL\TEMP\PS3PPULD115242\LIB.ENT.O
C:\USERS\REEKO\APPDATA\LOCAL\TEMP\PS3PPULD115482\BO2_GT
C:\USERS\REEKO\APPDATA\LOCAL\TEMP\PS3PPULD115482\LIB.ENT.O
C:\USERS\REEKO\APPDATA\LOCAL\TEMP\PS3PPULD116202\BO2_GT
C:\USERS\REEKO\APPDATA\LOCAL\TEMP\PS3PPULD116202\LIB.ENT.O
C:\USERS\REEKO\APPDATA\LOCAL\TEMP\PS3PPULD117722\BO2_GT
C:\USERS\REEKO\APPDATA\LOCAL\TEMP\PS3PPULD117722\LIB.ENT.O
C:\USERS\REEKO\APPDATA\LOCAL\TEMP\PS3PPULD117762\BO2_GT
C:\USERS\REEKO\APPDATA\LOCAL\TEMP\PS3PPULD117762\LIB.ENT.O
C:\USERS\REEKO\APPDATA\LOCAL\TEMP\PS3PPULD118762\BO2_GT
C:\USERS\REEKO\APPDATA\LOCAL\TEMP\PS3PPULD118762\LIB.ENT.O
C:\USERS\REEKO\APPDATA\LOCAL\TEMP\PS3PPULD119322\BO2_GT
C:\USERS\REEKO\APPDATA\LOCAL\TEMP\PS3PPULD119322\LIB.ENT.O
C:\USERS\REEKO\APPDATA\LOCAL\TEMP\PS3PPULD119482\BO2_GT
C:\USERS\REEKO\APPDATA\LOCAL\TEMP\PS3PPULD119482\LIB.ENT.O
C:\USERS\REEKO\APPDATA\LOCAL\TEMP\PS3PPULD11962\BO2_GT
C:\USERS\REEKO\APPDATA\LOCAL\TEMP\PS3PPULD11962\LIB.ENT.O
C:\USERS\REEKO\APPDATA\LOCAL\TEMP\PS3PPULD119802\BO2_GT
C:\USERS\REEKO\APPDATA\LOCAL\TEMP\PS3PPULD119802\LIB.ENT.O
C:\USERS\REEKO\APPDATA\LOCAL\TEMP\PS3PPULD121082\BO2_GT
C:\USERS\REEKO\APPDATA\LOCAL\TEMP\PS3PPULD121082\LIB.ENT.O
C:\USERS\REEKO\APPDATA\LOCAL\TEMP\PS3PPULD121242\BO2_GT
C:\USERS\REEKO\APPDATA\LOCAL\TEMP\PS3PPULD121242\LIB.ENT.O
C:\USERS\REEKO\APPDATA\LOCAL\TEMP\PS3PPULD122082\BO2_GT
C:\USERS\REEKO\APPDATA\LOCAL\TEMP\PS3PPULD122082\LIB.ENT.O
C:\USERS\REEKO\APPDATA\LOCAL\TEMP\PS3PPULD124882\BO2_GT
C:\USERS\REEKO\APPDATA\LOCAL\TEMP\PS3PPULD124882\LIB.ENT.O
C:\USERS\REEKO\APPDATA\LOCAL\TEMP\PS3PPULD125082\BO2_GT
C:\USERS\REEKO\APPDATA\LOCAL\TEMP\PS3PPULD125082\LIB.ENT.O
C:\USERS\REEKO\APPDATA\LOCAL\TEMP\PS3PPULD126082\BO2_GT
C:\USERS\REEKO\APPDATA\LOCAL\TEMP\PS3PPULD126082\LIB.ENT.O
C:\USERS\REEKO\APPDATA\LOCAL\TEMP\PS3PPULD126162\BO2_GT
C:\USERS\REEKO\APPDATA\LOCAL\TEMP\PS3PPULD126162\LIB.ENT.O
C:\USERS\REEKO\APPDATA\LOCAL\TEMP\PS3PPULD127802\BO2_GT
C:\USERS\REEKO\APPDATA\LOCAL\TEMP\PS3PPULD127802\LIB.ENT.O
C:\USERS\REEKO\APPDATA\LOCAL\TEMP\PS3PPULD128522\BO2_GT
C:\USERS\REEKO\APPDATA\LOCAL\TEMP\PS3PPULD128522\LIB.ENT.O
C:\USERS\REEKO\APPDATA\LOCAL\TEMP\PS3PPULD128722\BO2_GT
C:\USERS\REEKO\APPDATA\LOCAL\TEMP\PS3PPULD128722\LIB.ENT.O
C:\USERS\REEKO\APPDATA\LOCAL\TEMP\PS3PPULD129002\BO2_GT
C:\USERS\REEKO\APPDATA\LOCAL\TEMP\PS3PPULD129002\LIB.ENT.O
C:\USERS\REEKO\APPDATA\LOCAL\TEMP\PS3PPULD129842\BO2_GT
C:\USERS\REEKO\APPDATA\LOCAL\TEMP\PS3PPULD129842\LIB.ENT.O
C:\USERS\REEKO\APPDATA\LOCAL\TEMP\PS3PPULD129962\BO2_GT
C:\USERS\REEKO\APPDATA\LOCAL\TEMP\PS3PPULD129962\LIB.ENT.O
C:\USERS\REEKO\APPDATA\LOCAL\TEMP\PS3PPULD131402\BO2_GT
C:\USERS\REEKO\APPDATA\LOCAL\TEMP\PS3PPULD131402\LIB.ENT.O
C:\USERS\REEKO\APPDATA\LOCAL\TEMP\PS3PPULD132322\BO2_GT
C:\USERS\REEKO\APPDATA\LOCAL\TEMP\PS3PPULD132322\LIB.ENT.O
C:\USERS\REEKO\APPDATA\LOCAL\TEMP\PS3PPULD133162\BO2_GT
C:\USERS\REEKO\APPDATA\LOCAL\TEMP\PS3PPULD133162\LIB.ENT.O
C:\USERS\REEKO\APPDATA\LOCAL\TEMP\PS3PPULD133282\BO2_GT
C:\USERS\REEKO\APPDATA\LOCAL\TEMP\PS3PPULD133282\LIB.ENT.O
C:\USERS\REEKO\APPDATA\LOCAL\TEMP\PS3PPULD135242\BO2_GT
C:\USERS\REEKO\APPDATA\LOCAL\TEMP\PS3PPULD135242\LIB.ENT.O
C:\USERS\REEKO\APPDATA\LOCAL\TEMP\PS3PPULD137242\BO2_GT
C:\USERS\REEKO\APPDATA\LOCAL\TEMP\PS3PPULD137242\LIB.ENT.O
C:\USERS\REEKO\APPDATA\LOCAL\TEMP\PS3PPULD137762\BO2_GT
C:\USERS\REEKO\APPDATA\LOCAL\TEMP\PS3PPULD137762\LIB.ENT.O
C:\USERS\REEKO\APPDATA\LOCAL\TEMP\PS3PPULD138402\BO2_GT
C:\USERS\REEKO\APPDATA\LOCAL\TEMP\PS3PPULD138402\LIB.ENT.O
C:\USERS\REEKO\APPDATA\LOCAL\TEMP\PS3PPULD138482\BO2_GT
C:\USERS\REEKO\APPDATA\LOCAL\TEMP\PS3PPULD138482\LIB.ENT.O
C:\USERS\REEKO\APPDATA\LOCAL\TEMP\PS3PPULD140042\BO2_GT
C:\USERS\REEKO\APPDATA\LOCAL\TEMP\PS3PPULD140042\LIB.ENT.O
C:\USERS\REEKO\APPDATA\LOCAL\TEMP\PS3PPULD140322\BO2_GT
C:\USERS\REEKO\APPDATA\LOCAL\TEMP\PS3PPULD140322\LIB.ENT.O
C:\USERS\REEKO\APPDATA\LOCAL\TEMP\PS3PPULD140682\BO2_GT
C:\USERS\REEKO\APPDATA\LOCAL\TEMP\PS3PPULD140682\LIB.ENT.O
C:\USERS\REEKO\APPDATA\LOCAL\TEMP\PS3PPULD141282\BO2_GT
C:\USERS\REEKO\APPDATA\LOCAL\TEMP\PS3PPULD141282\LIB.ENT.O
C:\USERS\REEKO\APPDATA\LOCAL\TEMP\PS3PPULD141642\BO2_GT
C:\USERS\REEKO\APPDATA\LOCAL\TEMP\PS3PPULD141642\LIB.ENT.O
C:\USERS\REEKO\APPDATA\LOCAL\TEMP\PS3PPULD143882\BO2_GT
C:\USERS\REEKO\APPDATA\LOCAL\TEMP\PS3PPULD143882\LIB.ENT.O
C:\USERS\REEKO\APPDATA\LOCAL\TEMP\PS3PPULD144522\BO2_GT
C:\USERS\REEKO\APPDATA\LOCAL\TEMP\PS3PPULD144522\LIB.ENT.O
C:\USERS\REEKO\APPDATA\LOCAL\TEMP\PS3PPULD144642\BO2_GT
C:\USERS\REEKO\APPDATA\LOCAL\TEMP\PS3PPULD144642\LIB.ENT.O
C:\USERS\REEKO\APPDATA\LOCAL\TEMP\PS3PPULD146202\BO2_GT
C:\USERS\REEKO\APPDATA\LOCAL\TEMP\PS3PPULD146202\LIB.ENT.O
C:\USERS\REEKO\APPDATA\LOCAL\TEMP\PS3PPULD149042\BO2_GT
C:\USERS\REEKO\APPDATA\LOCAL\TEMP\PS3PPULD149042\LIB.ENT.O
C:\USERS\REEKO\APPDATA\LOCAL\TEMP\PS3PPULD149482\BO2_GT
C:\USERS\REEKO\APPDATA\LOCAL\TEMP\PS3PPULD149482\LIB.ENT.O
C:\USERS\REEKO\APPDATA\LOCAL\TEMP\PS3PPULD150842\BO2_GT
C:\USERS\REEKO\APPDATA\LOCAL\TEMP\PS3PPULD150842\LIB.ENT.O
C:\USERS\REEKO\APPDATA\LOCAL\TEMP\PS3PPULD151082\BO2_GT
C:\USERS\REEKO\APPDATA\LOCAL\TEMP\PS3PPULD151082\LIB.ENT.O
C:\USERS\REEKO\APPDATA\LOCAL\TEMP\PS3PPULD151322\BO2_GT
C:\USERS\REEKO\APPDATA\LOCAL\TEMP\PS3PPULD151322\LIB.ENT.O
C:\USERS\REEKO\APPDATA\LOCAL\TEMP\PS3PPULD151882\BO2_GT
C:\USERS\REEKO\APPDATA\LOCAL\TEMP\PS3PPULD151882\LIB.ENT.O
C:\USERS\REEKO\APPDATA\LOCAL\TEMP\PS3PPULD152722\BO2_GT
C:\USERS\REEKO\APPDATA\LOCAL\TEMP\PS3PPULD152722\LIB.ENT.O
C:\USERS\REEKO\APPDATA\LOCAL\TEMP\PS3PPULD152762\BO2_GT
C:\USERS\REEKO\APPDATA\LOCAL\TEMP\PS3PPULD152762\LIB.ENT.O
C:\USERS\REEKO\APPDATA\LOCAL\TEMP\PS3PPULD153802\BO2_GT
C:\USERS\REEKO\APPDATA\LOCAL\TEMP\PS3PPULD153802\LIB.ENT.O
C:\USERS\REEKO\APPDATA\LOCAL\TEMP\PS3PPULD153882\BO2_GT
C:\USERS\REEKO\APPDATA\LOCAL\TEMP\PS3PPULD153882\LIB.ENT.O
C:\USERS\REEKO\APPDATA\LOCAL\TEMP\PS3PPULD154762\BO2_GT
C:\USERS\REEKO\APPDATA\LOCAL\TEMP\PS3PPULD154762\LIB.ENT.O
C:\USERS\REEKO\APPDATA\LOCAL\TEMP\PS3PPULD155962\BO2_GT
C:\USERS\REEKO\APPDATA\LOCAL\TEMP\PS3PPULD155962\LIB.ENT.O
C:\USERS\REEKO\APPDATA\LOCAL\TEMP\PS3PPULD157122\BO2_GT
C:\USERS\REEKO\APPDATA\LOCAL\TEMP\PS3PPULD157122\LIB.ENT.O
C:\USERS\REEKO\APPDATA\LOCAL\TEMP\PS3PPULD157642\BO2_GT
C:\USERS\REEKO\APPDATA\LOCAL\TEMP\PS3PPULD157642\LIB.ENT.O
C:\USERS\REEKO\APPDATA\LOCAL\TEMP\PS3PPULD158082\BO2_GT
C:\USERS\REEKO\APPDATA\LOCAL\TEMP\PS3PPULD158082\LIB.ENT.O
C:\USERS\REEKO\APPDATA\LOCAL\TEMP\PS3PPULD158202\BO2_GT
C:\USERS\REEKO\APPDATA\LOCAL\TEMP\PS3PPULD158202\LIB.ENT.O
C:\USERS\REEKO\APPDATA\LOCAL\TEMP\PS3PPULD159882\BO2_GT
C:\USERS\REEKO\APPDATA\LOCAL\TEMP\PS3PPULD159882\LIB.ENT.O
C:\USERS\REEKO\APPDATA\LOCAL\TEMP\PS3PPULD162322\BO2_GT
C:\USERS\REEKO\APPDATA\LOCAL\TEMP\PS3PPULD162322\LIB.ENT.O
C:\USERS\REEKO\APPDATA\LOCAL\TEMP\PS3PPULD165642\BO2_GT
C:\USERS\REEKO\APPDATA\LOCAL\TEMP\PS3PPULD165642\LIB.ENT.O
C:\USERS\REEKO\APPDATA\LOCAL\TEMP\PS3PPULD167282\BO2_GT
C:\USERS\REEKO\APPDATA\LOCAL\TEMP\PS3PPULD167282\LIB.ENT.O
C:\USERS\REEKO\APPDATA\LOCAL\TEMP\PS3PPULD168282\BO2_GT
C:\USERS\REEKO\APPDATA\LOCAL\TEMP\PS3PPULD168282\LIB.ENT.O
C:\USERS\REEKO\APPDATA\LOCAL\TEMP\PS3PPULD168642\BO2_GT
C:\USERS\REEKO\APPDATA\LOCAL\TEMP\PS3PPULD168642\LIB.ENT.O
C:\USERS\REEKO\APPDATA\LOCAL\TEMP\PS3PPULD169082\BO2_GT
C:\USERS\REEKO\APPDATA\LOCAL\TEMP\PS3PPULD169082\LIB.ENT.O
C:\USERS\REEKO\APPDATA\LOCAL\TEMP\PS3PPULD169202\BO2_GT
C:\USERS\REEKO\APPDATA\LOCAL\TEMP\PS3PPULD169202\LIB.ENT.O
C:\USERS\REEKO\APPDATA\LOCAL\TEMP\PS3PPULD17042\BO2_GT
C:\USERS\REEKO\APPDATA\LOCAL\TEMP\PS3PPULD17042\LIB.ENT.O
C:\USERS\REEKO\APPDATA\LOCAL\TEMP\PS3PPULD171122\BO2_GT
C:\USERS\REEKO\APPDATA\LOCAL\TEMP\PS3PPULD171122\LIB.ENT.O
C:\USERS\REEKO\APPDATA\LOCAL\TEMP\PS3PPULD171482\BO2_GT
C:\USERS\REEKO\APPDATA\LOCAL\TEMP\PS3PPULD171482\LIB.ENT.O
C:\USERS\REEKO\APPDATA\LOCAL\TEMP\PS3PPULD171962\BO2_GT
C:\USERS\REEKO\APPDATA\LOCAL\TEMP\PS3PPULD171962\LIB.ENT.O
C:\USERS\REEKO\APPDATA\LOCAL\TEMP\PS3PPULD173202\BO2_GT
C:\USERS\REEKO\APPDATA\LOCAL\TEMP\PS3PPULD173202\LIB.ENT.O
C:\USERS\REEKO\APPDATA\LOCAL\TEMP\PS3PPULD174202\BO2_GT
C:\USERS\REEKO\APPDATA\LOCAL\TEMP\PS3PPULD174202\LIB.ENT.O
C:\USERS\REEKO\APPDATA\LOCAL\TEMP\PS3PPULD175122\BO2_GT
C:\USERS\REEKO\APPDATA\LOCAL\TEMP\PS3PPULD175122\LIB.ENT.O
C:\USERS\REEKO\APPDATA\LOCAL\TEMP\PS3PPULD175722\BO2_GT
C:\USERS\REEKO\APPDATA\LOCAL\TEMP\PS3PPULD175722\LIB.ENT.O
C:\USERS\REEKO\APPDATA\LOCAL\TEMP\PS3PPULD176682\BO2_GT
C:\USERS\REEKO\APPDATA\LOCAL\TEMP\PS3PPULD176682\LIB.ENT.O
C:\USERS\REEKO\APPDATA\LOCAL\TEMP\PS3PPULD177802\BO2_GT
C:\USERS\REEKO\APPDATA\LOCAL\TEMP\PS3PPULD177802\LIB.ENT.O
C:\USERS\REEKO\APPDATA\LOCAL\TEMP\PS3PPULD179682\BO2_GT
C:\USERS\REEKO\APPDATA\LOCAL\TEMP\PS3PPULD179682\LIB.ENT.O
C:\USERS\REEKO\APPDATA\LOCAL\TEMP\PS3PPULD181082\BO2_GT
C:\USERS\REEKO\APPDATA\LOCAL\TEMP\PS3PPULD181082\LIB.ENT.O
C:\USERS\REEKO\APPDATA\LOCAL\TEMP\PS3PPULD182002\BO2_GT
C:\USERS\REEKO\APPDATA\LOCAL\TEMP\PS3PPULD182002\LIB.ENT.O
C:\USERS\REEKO\APPDATA\LOCAL\TEMP\PS3PPULD182322\BO2_GT
C:\USERS\REEKO\APPDATA\LOCAL\TEMP\PS3PPULD182322\LIB.ENT.O
C:\USERS\REEKO\APPDATA\LOCAL\TEMP\PS3PPULD182562\BO2_GT
C:\USERS\REEKO\APPDATA\LOCAL\TEMP\PS3PPULD182562\LIB.ENT.O
C:\USERS\REEKO\APPDATA\LOCAL\TEMP\PS3PPULD186522\BO2_GT
C:\USERS\REEKO\APPDATA\LOCAL\TEMP\PS3PPULD186522\LIB.ENT.O
C:\USERS\REEKO\APPDATA\LOCAL\TEMP\PS3PPULD187122\BO2_GT
C:\USERS\REEKO\APPDATA\LOCAL\TEMP\PS3PPULD187122\LIB.ENT.O
C:\USERS\REEKO\APPDATA\LOCAL\TEMP\PS3PPULD187402\BO2_GT
C:\USERS\REEKO\APPDATA\LOCAL\TEMP\PS3PPULD187402\LIB.ENT.O
C:\USERS\REEKO\APPDATA\LOCAL\TEMP\PS3PPULD189562\BO2_GT
C:\USERS\REEKO\APPDATA\LOCAL\TEMP\PS3PPULD189562\LIB.ENT.O
C:\USERS\REEKO\APPDATA\LOCAL\TEMP\PS3PPULD191442\BO2_GT
C:\USERS\REEKO\APPDATA\LOCAL\TEMP\PS3PPULD191442\LIB.ENT.O
C:\USERS\REEKO\APPDATA\LOCAL\TEMP\PS3PPULD192482\BO2_GT
C:\USERS\REEKO\APPDATA\LOCAL\TEMP\PS3PPULD192482\LIB.ENT.O
C:\USERS\REEKO\APPDATA\LOCAL\TEMP\PS3PPULD19322\BO2_GT
C:\USERS\REEKO\APPDATA\LOCAL\TEMP\PS3PPULD19322\LIB.ENT.O
C:\USERS\REEKO\APPDATA\LOCAL\TEMP\PS3PPULD193442\BO2_GT
C:\USERS\REEKO\APPDATA\LOCAL\TEMP\PS3PPULD193442\LIB.ENT.O
C:\USERS\REEKO\APPDATA\LOCAL\TEMP\PS3PPULD193722\BO2_GT
C:\USERS\REEKO\APPDATA\LOCAL\TEMP\PS3PPULD193722\LIB.ENT.O
C:\USERS\REEKO\APPDATA\LOCAL\TEMP\PS3PPULD194282\BO2_GT
C:\USERS\REEKO\APPDATA\LOCAL\TEMP\PS3PPULD194282\LIB.ENT.O
C:\USERS\REEKO\APPDATA\LOCAL\TEMP\PS3PPULD195042\BO2_GT
C:\USERS\REEKO\APPDATA\LOCAL\TEMP\PS3PPULD195042\LIB.ENT.O
C:\USERS\REEKO\APPDATA\LOCAL\TEMP\PS3PPULD197722\BO2_GT
C:\USERS\REEKO\APPDATA\LOCAL\TEMP\PS3PPULD197722\LIB.ENT.O
C:\USERS\REEKO\APPDATA\LOCAL\TEMP\PS3PPULD204642\BO2_GT
C:\USERS\REEKO\APPDATA\LOCAL\TEMP\PS3PPULD204642\LIB.ENT.O
C:\USERS\REEKO\APPDATA\LOCAL\TEMP\PS3PPULD207762\BO2_GT
C:\USERS\REEKO\APPDATA\LOCAL\TEMP\PS3PPULD207762\LIB.ENT.O
C:\USERS\REEKO\APPDATA\LOCAL\TEMP\PS3PPULD209882\BO2_GT
C:\USERS\REEKO\APPDATA\LOCAL\TEMP\PS3PPULD209882\LIB.ENT.O
C:\USERS\REEKO\APPDATA\LOCAL\TEMP\PS3PPULD21362\BO2_GT
C:\USERS\REEKO\APPDATA\LOCAL\TEMP\PS3PPULD21362\LIB.ENT.O
C:\USERS\REEKO\APPDATA\LOCAL\TEMP\PS3PPULD216962\BO2_GT
C:\USERS\REEKO\APPDATA\LOCAL\TEMP\PS3PPULD216962\LIB.ENT.O
C:\USERS\REEKO\APPDATA\LOCAL\TEMP\PS3PPULD217962\BO2_GT
C:\USERS\REEKO\APPDATA\LOCAL\TEMP\PS3PPULD217962\LIB.ENT.O
C:\USERS\REEKO\APPDATA\LOCAL\TEMP\PS3PPULD219962\BO2_GT
C:\USERS\REEKO\APPDATA\LOCAL\TEMP\PS3PPULD219962\LIB.ENT.O
C:\USERS\REEKO\APPDATA\LOCAL\TEMP\PS3PPULD220122\BO2_GT
C:\USERS\REEKO\APPDATA\LOCAL\TEMP\PS3PPULD220122\LIB.ENT.O
C:\USERS\REEKO\APPDATA\LOCAL\TEMP\PS3PPULD222082\BO2_GT
C:\USERS\REEKO\APPDATA\LOCAL\TEMP\PS3PPULD222082\LIB.ENT.O
C:\USERS\REEKO\APPDATA\LOCAL\TEMP\PS3PPULD22242\BO2_GT
C:\USERS\REEKO\APPDATA\LOCAL\TEMP\PS3PPULD22242\LIB.ENT.O
C:\USERS\REEKO\APPDATA\LOCAL\TEMP\PS3PPULD226522\BO2_GT
C:\USERS\REEKO\APPDATA\LOCAL\TEMP\PS3PPULD226522\LIB.ENT.O
C:\USERS\REEKO\APPDATA\LOCAL\TEMP\PS3PPULD227522\BO2_GT
C:\USERS\REEKO\APPDATA\LOCAL\TEMP\PS3PPULD227522\LIB.ENT.O
C:\USERS\REEKO\APPDATA\LOCAL\TEMP\PS3PPULD228362\BO2_GT
C:\USERS\REEKO\APPDATA\LOCAL\TEMP\PS3PPULD228362\LIB.ENT.O
C:\USERS\REEKO\APPDATA\LOCAL\TEMP\PS3PPULD228842\BO2_GT
C:\USERS\REEKO\APPDATA\LOCAL\TEMP\PS3PPULD228842\LIB.ENT.O
C:\USERS\REEKO\APPDATA\LOCAL\TEMP\PS3PPULD230242\BO2_GT
C:\USERS\REEKO\APPDATA\LOCAL\TEMP\PS3PPULD230242\LIB.ENT.O
C:\USERS\REEKO\APPDATA\LOCAL\TEMP\PS3PPULD230762\BO2_GT
C:\USERS\REEKO\APPDATA\LOCAL\TEMP\PS3PPULD230762\LIB.ENT.O
C:\USERS\REEKO\APPDATA\LOCAL\TEMP\PS3PPULD231002\BO2_GT
C:\USERS\REEKO\APPDATA\LOCAL\TEMP\PS3PPULD231002\LIB.ENT.O
C:\USERS\REEKO\APPDATA\LOCAL\TEMP\PS3PPULD233922\BO2_GT
C:\USERS\REEKO\APPDATA\LOCAL\TEMP\PS3PPULD233922\LIB.ENT.O
C:\USERS\REEKO\APPDATA\LOCAL\TEMP\PS3PPULD234042\BO2_GT
C:\USERS\REEKO\APPDATA\LOCAL\TEMP\PS3PPULD234042\LIB.ENT.O
C:\USERS\REEKO\APPDATA\LOCAL\TEMP\PS3PPULD238602\BO2_GT
C:\USERS\REEKO\APPDATA\LOCAL\TEMP\PS3PPULD238602\LIB.ENT.O
C:\USERS\REEKO\APPDATA\LOCAL\TEMP\PS3PPULD244962\BO2_GT
C:\USERS\REEKO\APPDATA\LOCAL\TEMP\PS3PPULD244962\LIB.ENT.O
C:\USERS\REEKO\APPDATA\LOCAL\TEMP\PS3PPULD2482\BO2_GT
C:\USERS\REEKO\APPDATA\LOCAL\TEMP\PS3PPULD2482\LIB.ENT.O
C:\USERS\REEKO\APPDATA\LOCAL\TEMP\PS3PPULD31962\BO2_GT
C:\USERS\REEKO\APPDATA\LOCAL\TEMP\PS3PPULD31962\LIB.ENT.O
C:\USERS\REEKO\APPDATA\LOCAL\TEMP\PS3PPULD32322\BO2_GT
C:\USERS\REEKO\APPDATA\LOCAL\TEMP\PS3PPULD32322\LIB.ENT.O
C:\USERS\REEKO\APPDATA\LOCAL\TEMP\PS3PPULD33082\BO2_GT
C:\USERS\REEKO\APPDATA\LOCAL\TEMP\PS3PPULD33082\LIB.ENT.O
C:\USERS\REEKO\APPDATA\LOCAL\TEMP\PS3PPULD34162\BO2_GT
C:\USERS\REEKO\APPDATA\LOCAL\TEMP\PS3PPULD34162\LIB.ENT.O
C:\USERS\REEKO\APPDATA\LOCAL\TEMP\PS3PPULD34922\BO2_GT
C:\USERS\REEKO\APPDATA\LOCAL\TEMP\PS3PPULD34922\LIB.ENT.O
C:\USERS\REEKO\APPDATA\LOCAL\TEMP\PS3PPULD36722\BO2_GT
C:\USERS\REEKO\APPDATA\LOCAL\TEMP\PS3PPULD36722\LIB.ENT.O
C:\USERS\REEKO\APPDATA\LOCAL\TEMP\PS3PPULD42322\BO2_GT
C:\USERS\REEKO\APPDATA\LOCAL\TEMP\PS3PPULD42322\LIB.ENT.O
C:\USERS\REEKO\APPDATA\LOCAL\TEMP\PS3PPULD42442\BO2_GT
C:\USERS\REEKO\APPDATA\LOCAL\TEMP\PS3PPULD42442\LIB.ENT.O
C:\USERS\REEKO\APPDATA\LOCAL\TEMP\PS3PPULD42802\BO2_GT
C:\USERS\REEKO\APPDATA\LOCAL\TEMP\PS3PPULD42802\LIB.ENT.O
C:\USERS\REEKO\APPDATA\LOCAL\TEMP\PS3PPULD45402\BO2_GT
C:\USERS\REEKO\APPDATA\LOCAL\TEMP\PS3PPULD45402\LIB.ENT.O
C:\USERS\REEKO\APPDATA\LOCAL\TEMP\PS3PPULD46082\BO2_GT
C:\USERS\REEKO\APPDATA\LOCAL\TEMP\PS3PPULD46082\LIB.ENT.O
C:\USERS\REEKO\APPDATA\LOCAL\TEMP\PS3PPULD48522\BO2_GT
C:\USERS\REEKO\APPDATA\LOCAL\TEMP\PS3PPULD48522\LIB.ENT.O
C:\USERS\REEKO\APPDATA\LOCAL\TEMP\PS3PPULD53122\BO2_GT
C:\USERS\REEKO\APPDATA\LOCAL\TEMP\PS3PPULD53122\LIB.ENT.O
C:\USERS\REEKO\APPDATA\LOCAL\TEMP\PS3PPULD53482\BO2_GT
C:\USERS\REEKO\APPDATA\LOCAL\TEMP\PS3PPULD53482\LIB.ENT.O
C:\USERS\REEKO\APPDATA\LOCAL\TEMP\PS3PPULD54082\BO2_GT
C:\USERS\REEKO\APPDATA\LOCAL\TEMP\PS3PPULD54082\LIB.ENT.O
C:\USERS\REEKO\APPDATA\LOCAL\TEMP\PS3PPULD55562\BO2_GT
C:\USERS\REEKO\APPDATA\LOCAL\TEMP\PS3PPULD55562\LIB.ENT.O
C:\USERS\REEKO\APPDATA\LOCAL\TEMP\PS3PPULD56322\BO2_GT
C:\USERS\REEKO\APPDATA\LOCAL\TEMP\PS3PPULD56322\LIB.ENT.O
C:\USERS\REEKO\APPDATA\LOCAL\TEMP\PS3PPULD59002\BO2_GT
C:\USERS\REEKO\APPDATA\LOCAL\TEMP\PS3PPULD59002\LIB.ENT.O
C:\USERS\REEKO\APPDATA\LOCAL\TEMP\PS3PPULD63802\BO2_GT
C:\USERS\REEKO\APPDATA\LOCAL\TEMP\PS3PPULD63802\LIB.ENT.O
C:\USERS\REEKO\APPDATA\LOCAL\TEMP\PS3PPULD68282\BO2_GT
C:\USERS\REEKO\APPDATA\LOCAL\TEMP\PS3PPULD68282\LIB.ENT.O
C:\USERS\REEKO\APPDATA\LOCAL\TEMP\PS3PPULD68602\BO2_GT
C:\USERS\REEKO\APPDATA\LOCAL\TEMP\PS3PPULD68602\LIB.ENT.O
C:\USERS\REEKO\APPDATA\LOCAL\TEMP\PS3PPULD69162\BO2_GT
C:\USERS\REEKO\APPDATA\LOCAL\TEMP\PS3PPULD69162\LIB.ENT.O
C:\USERS\REEKO\APPDATA\LOCAL\TEMP\PS3PPULD6922\BO2_GT
C:\USERS\REEKO\APPDATA\LOCAL\TEMP\PS3PPULD6922\LIB.ENT.O
C:\USERS\REEKO\APPDATA\LOCAL\TEMP\PS3PPULD71162\BO2_GT
C:\USERS\REEKO\APPDATA\LOCAL\TEMP\PS3PPULD71162\LIB.ENT.O
C:\USERS\REEKO\APPDATA\LOCAL\TEMP\PS3PPULD73002\BO2_GT
C:\USERS\REEKO\APPDATA\LOCAL\TEMP\PS3PPULD73002\LIB.ENT.O
C:\USERS\REEKO\APPDATA\LOCAL\TEMP\PS3PPULD73202\BO2_GT
C:\USERS\REEKO\APPDATA\LOCAL\TEMP\PS3PPULD73202\LIB.ENT.O
C:\USERS\REEKO\APPDATA\LOCAL\TEMP\PS3PPULD73642\BO2_GT
C:\USERS\REEKO\APPDATA\LOCAL\TEMP\PS3PPULD73642\LIB.ENT.O
C:\USERS\REEKO\APPDATA\LOCAL\TEMP\PS3PPULD74002\BO2_GT
C:\USERS\REEKO\APPDATA\LOCAL\TEMP\PS3PPULD74002\LIB.ENT.O
C:\USERS\REEKO\APPDATA\LOCAL\TEMP\PS3PPULD74082\BO2_GT
C:\USERS\REEKO\APPDATA\LOCAL\TEMP\PS3PPULD74082\LIB.ENT.O
C:\USERS\REEKO\APPDATA\LOCAL\TEMP\PS3PPULD75322\BO2_GT
C:\USERS\REEKO\APPDATA\LOCAL\TEMP\PS3PPULD75322\LIB.ENT.O
C:\USERS\REEKO\APPDATA\LOCAL\TEMP\PS3PPULD75482\BO2_GT
C:\USERS\REEKO\APPDATA\LOCAL\TEMP\PS3PPULD75482\LIB.ENT.O
C:\USERS\REEKO\APPDATA\LOCAL\TEMP\PS3PPULD75602\BO2_GT
C:\USERS\REEKO\APPDATA\LOCAL\TEMP\PS3PPULD75602\LIB.ENT.O
C:\USERS\REEKO\APPDATA\LOCAL\TEMP\PS3PPULD75842\BO2_GT
C:\USERS\REEKO\APPDATA\LOCAL\TEMP\PS3PPULD75842\LIB.ENT.O
C:\USERS\REEKO\APPDATA\LOCAL\TEMP\PS3PPULD76402\BO2_GT
C:\USERS\REEKO\APPDATA\LOCAL\TEMP\PS3PPULD76402\LIB.ENT.O
C:\USERS\REEKO\APPDATA\LOCAL\TEMP\PS3PPULD78602\BO2_GT
C:\USERS\REEKO\APPDATA\LOCAL\TEMP\PS3PPULD78602\LIB.ENT.O
C:\USERS\REEKO\APPDATA\LOCAL\TEMP\PS3PPULD79162\BO2_GT
C:\USERS\REEKO\APPDATA\LOCAL\TEMP\PS3PPULD79162\LIB.ENT.O
C:\USERS\REEKO\APPDATA\LOCAL\TEMP\PS3PPULD79562\BO2_GT
C:\USERS\REEKO\APPDATA\LOCAL\TEMP\PS3PPULD79562\LIB.ENT.O
C:\USERS\REEKO\APPDATA\LOCAL\TEMP\PS3PPULD80522\BO2_GT
C:\USERS\REEKO\APPDATA\LOCAL\TEMP\PS3PPULD80522\LIB.ENT.O
C:\USERS\REEKO\APPDATA\LOCAL\TEMP\PS3PPULD80802\BO2_GT
C:\USERS\REEKO\APPDATA\LOCAL\TEMP\PS3PPULD80802\LIB.ENT.O
C:\USERS\REEKO\APPDATA\LOCAL\TEMP\PS3PPULD80882\BO2_GT
C:\USERS\REEKO\APPDATA\LOCAL\TEMP\PS3PPULD80882\LIB.ENT.O
C:\USERS\REEKO\APPDATA\LOCAL\TEMP\PS3PPULD82642\BO2_GT
C:\USERS\REEKO\APPDATA\LOCAL\TEMP\PS3PPULD82642\LIB.ENT.O
C:\USERS\REEKO\APPDATA\LOCAL\TEMP\PS3PPULD84802\BO2_GT
C:\USERS\REEKO\APPDATA\LOCAL\TEMP\PS3PPULD84802\LIB.ENT.O
C:\USERS\REEKO\APPDATA\LOCAL\TEMP\PS3PPULD86762\BO2_GT
C:\USERS\REEKO\APPDATA\LOCAL\TEMP\PS3PPULD86762\LIB.ENT.O
C:\USERS\REEKO\APPDATA\LOCAL\TEMP\PS3PPULD89002\BO2_GT
C:\USERS\REEKO\APPDATA\LOCAL\TEMP\PS3PPULD89002\LIB.ENT.O
C:\USERS\REEKO\APPDATA\LOCAL\TEMP\PS3PPULD89162\BO2_GT
C:\USERS\REEKO\APPDATA\LOCAL\TEMP\PS3PPULD89162\LIB.ENT.O
C:\USERS\REEKO\APPDATA\LOCAL\TEMP\PS3PPULD89642\BO2_GT
C:\USERS\REEKO\APPDATA\LOCAL\TEMP\PS3PPULD89642\LIB.ENT.O
C:\USERS\REEKO\APPDATA\LOCAL\TEMP\PS3PPULD92282\BO2_GT
C:\USERS\REEKO\APPDATA\LOCAL\TEMP\PS3PPULD92282\LIB.ENT.O
C:\USERS\REEKO\APPDATA\LOCAL\TEMP\PS3PPULD92442\BO2_GT
C:\USERS\REEKO\APPDATA\LOCAL\TEMP\PS3PPULD92442\LIB.ENT.O
C:\USERS\REEKO\APPDATA\LOCAL\TEMP\PS3PPULD94322\BO2_GT
C:\USERS\REEKO\APPDATA\LOCAL\TEMP\PS3PPULD94322\LIB.ENT.O
C:\USERS\REEKO\APPDATA\LOCAL\TEMP\PS3PPULD95642\BO2_GT
C:\USERS\REEKO\APPDATA\LOCAL\TEMP\PS3PPULD95642\LIB.ENT.O
C:\USERS\REEKO\APPDATA\LOCAL\TEMP\PS3PPULD95802\BO2_GT
C:\USERS\REEKO\APPDATA\LOCAL\TEMP\PS3PPULD95802\LIB.ENT.O
C:\USERS\REEKO\APPDATA\LOCAL\TEMP\PS3PPULD9642\BO2_GT
C:\USERS\REEKO\APPDATA\LOCAL\TEMP\PS3PPULD9642\LIB.ENT.O
C:\USERS\REEKO\APPDATA\LOCAL\TEMP\PS3PPULD96842\BO2_GT
C:\USERS\REEKO\APPDATA\LOCAL\TEMP\PS3PPULD96842\LIB.ENT.O
C:\USERS\REEKO\APPDATA\LOCAL\TEMP\PS3PPULD97762\BO2_GT
C:\USERS\REEKO\APPDATA\LOCAL\TEMP\PS3PPULD97762\LIB.ENT.O
C:\USERS\REEKO\APPDATA\LOCAL\TEMP\PS3PPULD97802\BO2_GT
C:\USERS\REEKO\APPDATA\LOCAL\TEMP\PS3PPULD97802\LIB.ENT.O
C:\USERS\REEKO\APPDATA\LOCAL\TEMP\PS3PPULD98082\BO2_GT
C:\USERS\REEKO\APPDATA\LOCAL\TEMP\PS3PPULD98082\LIB.ENT.O
C:\USERS\REEKO\APPDATA\LOCAL\TEMP\PS3PPULD9922\BO2_GT
C:\USERS\REEKO\APPDATA\LOCAL\TEMP\PS3PPULD9922\LIB.ENT.O
C:\Users\Reeko\Documents\Visual Studio 2010\Projects\BO2_GT New Design\BO2_GT\PS3_Debug\BO2_GT.write.1.tlog
C:\USERS\REEKO\DOCUMENTS\VISUAL STUDIO 2010\PROJECTS\BO2_GT NEW DESIGN\BO2_GT\PS3_DEBUG\PRINTF.O
C:\USERS\REEKO\DOCUMENTS\VISUAL STUDIO 2010\PROJECTS\BO2_GT NEW DESIGN\BO2_GT\PS3_DEBUG\PRX.O
C:\Users\Reeko\Documents\Visual Studio 2010\Projects\BO2_GT New Design\BO2_GT\PS3_Debug\ps3ppuld.10048.read.1.tlog
C:\Users\Reeko\Documents\Visual Studio 2010\Projects\BO2_GT New Design\BO2_GT\PS3_Debug\ps3ppuld.10048.write.1.tlog
C:\Users\Reeko\Documents\Visual Studio 2010\Projects\BO2_GT New Design\BO2_GT\PS3_Debug\ps3ppuld.10192.read.1.tlog
C:\Users\Reeko\Documents\Visual Studio 2010\Projects\BO2_GT New Design\BO2_GT\PS3_Debug\ps3ppuld.10192.write.1.tlog
C:\Users\Reeko\Documents\Visual Studio 2010\Projects\BO2_GT New Design\BO2_GT\PS3_Debug\ps3ppuld.10280.read.1.tlog
C:\Users\Reeko\Documents\Visual Studio 2010\Projects\BO2_GT New Design\BO2_GT\PS3_Debug\ps3ppuld.10280.write.1.tlog
C:\Users\Reeko\Documents\Visual Studio 2010\Projects\BO2_GT New Design\BO2_GT\PS3_Debug\ps3ppuld.10380.read.1.tlog
C:\Users\Reeko\Documents\Visual Studio 2010\Projects\BO2_GT New Design\BO2_GT\PS3_Debug\ps3ppuld.10380.write.1.tlog
C:\Users\Reeko\Documents\Visual Studio 2010\Projects\BO2_GT New Design\BO2_GT\PS3_Debug\ps3ppuld.10600.read.1.tlog
C:\Users\Reeko\Documents\Visual Studio 2010\Projects\BO2_GT New Design\BO2_GT\PS3_Debug\ps3ppuld.10600.write.1.tlog
C:\Users\Reeko\Documents\Visual Studio 2010\Projects\BO2_GT New Design\BO2_GT\PS3_Debug\ps3ppuld.10624.read.1.tlog
C:\Users\Reeko\Documents\Visual Studio 2010\Projects\BO2_GT New Design\BO2_GT\PS3_Debug\ps3ppuld.10624.write.1.tlog
C:\Users\Reeko\Documents\Visual Studio 2010\Projects\BO2_GT New Design\BO2_GT\PS3_Debug\ps3ppuld.10864.read.1.tlog
C:\Users\Reeko\Documents\Visual Studio 2010\Projects\BO2_GT New Design\BO2_GT\PS3_Debug\ps3ppuld.10864.write.1.tlog
C:\Users\Reeko\Documents\Visual Studio 2010\Projects\BO2_GT New Design\BO2_GT\PS3_Debug\ps3ppuld.11292.read.1.tlog
C:\Users\Reeko\Documents\Visual Studio 2010\Projects\BO2_GT New Design\BO2_GT\PS3_Debug\ps3ppuld.11292.write.1.tlog
C:\Users\Reeko\Documents\Visual Studio 2010\Projects\BO2_GT New Design\BO2_GT\PS3_Debug\ps3ppuld.11396.read.1.tlog
C:\Users\Reeko\Documents\Visual Studio 2010\Projects\BO2_GT New Design\BO2_GT\PS3_Debug\ps3ppuld.11396.write.1.tlog
C:\Users\Reeko\Documents\Visual Studio 2010\Projects\BO2_GT New Design\BO2_GT\PS3_Debug\ps3ppuld.11504.read.1.tlog
C:\Users\Reeko\Documents\Visual Studio 2010\Projects\BO2_GT New Design\BO2_GT\PS3_Debug\ps3ppuld.11504.write.1.tlog
C:\Users\Reeko\Documents\Visual Studio 2010\Projects\BO2_GT New Design\BO2_GT\PS3_Debug\ps3ppuld.11692.read.1.tlog
C:\Users\Reeko\Documents\Visual Studio 2010\Projects\BO2_GT New Design\BO2_GT\PS3_Debug\ps3ppuld.11692.write.1.tlog
C:\Users\Reeko\Documents\Visual Studio 2010\Projects\BO2_GT New Design\BO2_GT\PS3_Debug\ps3ppuld.11876.read.1.tlog
C:\Users\Reeko\Documents\Visual Studio 2010\Projects\BO2_GT New Design\BO2_GT\PS3_Debug\ps3ppuld.11876.write.1.tlog
C:\Users\Reeko\Documents\Visual Studio 2010\Projects\BO2_GT New Design\BO2_GT\PS3_Debug\ps3ppuld.11916.read.1.tlog
C:\Users\Reeko\Documents\Visual Studio 2010\Projects\BO2_GT New Design\BO2_GT\PS3_Debug\ps3ppuld.11916.write.1.tlog
C:\Users\Reeko\Documents\Visual Studio 2010\Projects\BO2_GT New Design\BO2_GT\PS3_Debug\ps3ppuld.11972.read.1.tlog
C:\Users\Reeko\Documents\Visual Studio 2010\Projects\BO2_GT New Design\BO2_GT\PS3_Debug\ps3ppuld.11972.write.1.tlog
C:\Users\Reeko\Documents\Visual Studio 2010\Projects\BO2_GT New Design\BO2_GT\PS3_Debug\ps3ppuld.12020.read.1.tlog
C:\Users\Reeko\Documents\Visual Studio 2010\Projects\BO2_GT New Design\BO2_GT\PS3_Debug\ps3ppuld.12020.write.1.tlog
C:\Users\Reeko\Documents\Visual Studio 2010\Projects\BO2_GT New Design\BO2_GT\PS3_Debug\ps3ppuld.12028.read.1.tlog
C:\Users\Reeko\Documents\Visual Studio 2010\Projects\BO2_GT New Design\BO2_GT\PS3_Debug\ps3ppuld.12028.write.1.tlog
C:\Users\Reeko\Documents\Visual Studio 2010\Projects\BO2_GT New Design\BO2_GT\PS3_Debug\ps3ppuld.12116.read.1.tlog
C:\Users\Reeko\Documents\Visual Studio 2010\Projects\BO2_GT New Design\BO2_GT\PS3_Debug\ps3ppuld.12116.write.1.tlog
C:\Users\Reeko\Documents\Visual Studio 2010\Projects\BO2_GT New Design\BO2_GT\PS3_Debug\ps3ppuld.12160.read.1.tlog
C:\Users\Reeko\Documents\Visual Studio 2010\Projects\BO2_GT New Design\BO2_GT\PS3_Debug\ps3ppuld.12160.write.1.tlog
C:\Users\Reeko\Documents\Visual Studio 2010\Projects\BO2_GT New Design\BO2_GT\PS3_Debug\ps3ppuld.12216.read.1.tlog
C:\Users\Reeko\Documents\Visual Studio 2010\Projects\BO2_GT New Design\BO2_GT\PS3_Debug\ps3ppuld.12216.write.1.tlog
C:\Users\Reeko\Documents\Visual Studio 2010\Projects\BO2_GT New Design\BO2_GT\PS3_Debug\ps3ppuld.12252.read.1.tlog
C:\Users\Reeko\Documents\Visual Studio 2010\Projects\BO2_GT New Design\BO2_GT\PS3_Debug\ps3ppuld.12252.write.1.tlog
C:\Users\Reeko\Documents\Visual Studio 2010\Projects\BO2_GT New Design\BO2_GT\PS3_Debug\ps3ppuld.12460.read.1.tlog
C:\Users\Reeko\Documents\Visual Studio 2010\Projects\BO2_GT New Design\BO2_GT\PS3_Debug\ps3ppuld.12460.write.1.tlog
C:\Users\Reeko\Documents\Visual Studio 2010\Projects\BO2_GT New Design\BO2_GT\PS3_Debug\ps3ppuld.12800.read.1.tlog
C:\Users\Reeko\Documents\Visual Studio 2010\Projects\BO2_GT New Design\BO2_GT\PS3_Debug\ps3ppuld.12800.write.1.tlog
C:\Users\Reeko\Documents\Visual Studio 2010\Projects\BO2_GT New Design\BO2_GT\PS3_Debug\ps3ppuld.13016.read.1.tlog
C:\Users\Reeko\Documents\Visual Studio 2010\Projects\BO2_GT New Design\BO2_GT\PS3_Debug\ps3ppuld.13016.write.1.tlog
C:\Users\Reeko\Documents\Visual Studio 2010\Projects\BO2_GT New Design\BO2_GT\PS3_Debug\ps3ppuld.13120.read.1.tlog
C:\Users\Reeko\Documents\Visual Studio 2010\Projects\BO2_GT New Design\BO2_GT\PS3_Debug\ps3ppuld.13120.write.1.tlog
C:\Users\Reeko\Documents\Visual Studio 2010\Projects\BO2_GT New Design\BO2_GT\PS3_Debug\ps3ppuld.13140.read.1.tlog
C:\Users\Reeko\Documents\Visual Studio 2010\Projects\BO2_GT New Design\BO2_GT\PS3_Debug\ps3ppuld.13140.write.1.tlog
C:\Users\Reeko\Documents\Visual Studio 2010\Projects\BO2_GT New Design\BO2_GT\PS3_Debug\ps3ppuld.13184.read.1.tlog
C:\Users\Reeko\Documents\Visual Studio 2010\Projects\BO2_GT New Design\BO2_GT\PS3_Debug\ps3ppuld.13184.write.1.tlog
C:\Users\Reeko\Documents\Visual Studio 2010\Projects\BO2_GT New Design\BO2_GT\PS3_Debug\ps3ppuld.13368.read.1.tlog
C:\Users\Reeko\Documents\Visual Studio 2010\Projects\BO2_GT New Design\BO2_GT\PS3_Debug\ps3ppuld.13368.write.1.tlog
C:\Users\Reeko\Documents\Visual Studio 2010\Projects\BO2_GT New Design\BO2_GT\PS3_Debug\ps3ppuld.13372.read.1.tlog
C:\Users\Reeko\Documents\Visual Studio 2010\Projects\BO2_GT New Design\BO2_GT\PS3_Debug\ps3ppuld.13372.write.1.tlog
C:\Users\Reeko\Documents\Visual Studio 2010\Projects\BO2_GT New Design\BO2_GT\PS3_Debug\ps3ppuld.13424.read.1.tlog
C:\Users\Reeko\Documents\Visual Studio 2010\Projects\BO2_GT New Design\BO2_GT\PS3_Debug\ps3ppuld.13424.write.1.tlog
C:\Users\Reeko\Documents\Visual Studio 2010\Projects\BO2_GT New Design\BO2_GT\PS3_Debug\ps3ppuld.13456.read.1.tlog
C:\Users\Reeko\Documents\Visual Studio 2010\Projects\BO2_GT New Design\BO2_GT\PS3_Debug\ps3ppuld.13456.write.1.tlog
C:\Users\Reeko\Documents\Visual Studio 2010\Projects\BO2_GT New Design\BO2_GT\PS3_Debug\ps3ppuld.13484.read.1.tlog
C:\Users\Reeko\Documents\Visual Studio 2010\Projects\BO2_GT New Design\BO2_GT\PS3_Debug\ps3ppuld.13484.write.1.tlog
C:\Users\Reeko\Documents\Visual Studio 2010\Projects\BO2_GT New Design\BO2_GT\PS3_Debug\ps3ppuld.13512.read.1.tlog
C:\Users\Reeko\Documents\Visual Studio 2010\Projects\BO2_GT New Design\BO2_GT\PS3_Debug\ps3ppuld.13512.write.1.tlog
C:\Users\Reeko\Documents\Visual Studio 2010\Projects\BO2_GT New Design\BO2_GT\PS3_Debug\ps3ppuld.13524.read.1.tlog
C:\Users\Reeko\Documents\Visual Studio 2010\Projects\BO2_GT New Design\BO2_GT\PS3_Debug\ps3ppuld.13524.write.1.tlog
C:\Users\Reeko\Documents\Visual Studio 2010\Projects\BO2_GT New Design\BO2_GT\PS3_Debug\ps3ppuld.13536.read.1.tlog
C:\Users\Reeko\Documents\Visual Studio 2010\Projects\BO2_GT New Design\BO2_GT\PS3_Debug\ps3ppuld.13536.write.1.tlog
C:\Users\Reeko\Documents\Visual Studio 2010\Projects\BO2_GT New Design\BO2_GT\PS3_Debug\ps3ppuld.1380.read.1.tlog
C:\Users\Reeko\Documents\Visual Studio 2010\Projects\BO2_GT New Design\BO2_GT\PS3_Debug\ps3ppuld.1380.write.1.tlog
C:\Users\Reeko\Documents\Visual Studio 2010\Projects\BO2_GT New Design\BO2_GT\PS3_Debug\ps3ppuld.13840.read.1.tlog
C:\Users\Reeko\Documents\Visual Studio 2010\Projects\BO2_GT New Design\BO2_GT\PS3_Debug\ps3ppuld.13840.write.1.tlog
C:\Users\Reeko\Documents\Visual Studio 2010\Projects\BO2_GT New Design\BO2_GT\PS3_Debug\ps3ppuld.13936.read.1.tlog
C:\Users\Reeko\Documents\Visual Studio 2010\Projects\BO2_GT New Design\BO2_GT\PS3_Debug\ps3ppuld.13936.write.1.tlog
C:\Users\Reeko\Documents\Visual Studio 2010\Projects\BO2_GT New Design\BO2_GT\PS3_Debug\ps3ppuld.1400.read.1.tlog
C:\Users\Reeko\Documents\Visual Studio 2010\Projects\BO2_GT New Design\BO2_GT\PS3_Debug\ps3ppuld.1400.write.1.tlog
C:\Users\Reeko\Documents\Visual Studio 2010\Projects\BO2_GT New Design\BO2_GT\PS3_Debug\ps3ppuld.14120.read.1.tlog
C:\Users\Reeko\Documents\Visual Studio 2010\Projects\BO2_GT New Design\BO2_GT\PS3_Debug\ps3ppuld.14120.write.1.tlog
C:\Users\Reeko\Documents\Visual Studio 2010\Projects\BO2_GT New Design\BO2_GT\PS3_Debug\ps3ppuld.14168.read.1.tlog
C:\Users\Reeko\Documents\Visual Studio 2010\Projects\BO2_GT New Design\BO2_GT\PS3_Debug\ps3ppuld.14168.write.1.tlog
C:\Users\Reeko\Documents\Visual Studio 2010\Projects\BO2_GT New Design\BO2_GT\PS3_Debug\ps3ppuld.14228.read.1.tlog
C:\Users\Reeko\Documents\Visual Studio 2010\Projects\BO2_GT New Design\BO2_GT\PS3_Debug\ps3ppuld.14228.write.1.tlog
C:\Users\Reeko\Documents\Visual Studio 2010\Projects\BO2_GT New Design\BO2_GT\PS3_Debug\ps3ppuld.14372.read.1.tlog
C:\Users\Reeko\Documents\Visual Studio 2010\Projects\BO2_GT New Design\BO2_GT\PS3_Debug\ps3ppuld.14372.write.1.tlog
C:\Users\Reeko\Documents\Visual Studio 2010\Projects\BO2_GT New Design\BO2_GT\PS3_Debug\ps3ppuld.14448.read.1.tlog
C:\Users\Reeko\Documents\Visual Studio 2010\Projects\BO2_GT New Design\BO2_GT\PS3_Debug\ps3ppuld.14448.write.1.tlog
C:\Users\Reeko\Documents\Visual Studio 2010\Projects\BO2_GT New Design\BO2_GT\PS3_Debug\ps3ppuld.14480.read.1.tlog
C:\Users\Reeko\Documents\Visual Studio 2010\Projects\BO2_GT New Design\BO2_GT\PS3_Debug\ps3ppuld.14480.write.1.tlog
C:\Users\Reeko\Documents\Visual Studio 2010\Projects\BO2_GT New Design\BO2_GT\PS3_Debug\ps3ppuld.14492.read.1.tlog
C:\Users\Reeko\Documents\Visual Studio 2010\Projects\BO2_GT New Design\BO2_GT\PS3_Debug\ps3ppuld.14492.write.1.tlog
C:\Users\Reeko\Documents\Visual Studio 2010\Projects\BO2_GT New Design\BO2_GT\PS3_Debug\ps3ppuld.14524.read.1.tlog
C:\Users\Reeko\Documents\Visual Studio 2010\Projects\BO2_GT New Design\BO2_GT\PS3_Debug\ps3ppuld.14524.write.1.tlog
C:\Users\Reeko\Documents\Visual Studio 2010\Projects\BO2_GT New Design\BO2_GT\PS3_Debug\ps3ppuld.14576.read.1.tlog
C:\Users\Reeko\Documents\Visual Studio 2010\Projects\BO2_GT New Design\BO2_GT\PS3_Debug\ps3ppuld.14576.write.1.tlog
C:\Users\Reeko\Documents\Visual Studio 2010\Projects\BO2_GT New Design\BO2_GT\PS3_Debug\ps3ppuld.14580.read.1.tlog
C:\Users\Reeko\Documents\Visual Studio 2010\Projects\BO2_GT New Design\BO2_GT\PS3_Debug\ps3ppuld.14580.write.1.tlog
C:\Users\Reeko\Documents\Visual Studio 2010\Projects\BO2_GT New Design\BO2_GT\PS3_Debug\ps3ppuld.14664.read.1.tlog
C:\Users\Reeko\Documents\Visual Studio 2010\Projects\BO2_GT New Design\BO2_GT\PS3_Debug\ps3ppuld.14664.write.1.tlog
C:\Users\Reeko\Documents\Visual Studio 2010\Projects\BO2_GT New Design\BO2_GT\PS3_Debug\ps3ppuld.14796.read.1.tlog
C:\Users\Reeko\Documents\Visual Studio 2010\Projects\BO2_GT New Design\BO2_GT\PS3_Debug\ps3ppuld.14796.write.1.tlog
C:\Users\Reeko\Documents\Visual Studio 2010\Projects\BO2_GT New Design\BO2_GT\PS3_Debug\ps3ppuld.14856.read.1.tlog
C:\Users\Reeko\Documents\Visual Studio 2010\Projects\BO2_GT New Design\BO2_GT\PS3_Debug\ps3ppuld.14856.write.1.tlog
C:\Users\Reeko\Documents\Visual Studio 2010\Projects\BO2_GT New Design\BO2_GT\PS3_Debug\ps3ppuld.14988.read.1.tlog
C:\Users\Reeko\Documents\Visual Studio 2010\Projects\BO2_GT New Design\BO2_GT\PS3_Debug\ps3ppuld.14988.write.1.tlog
C:\Users\Reeko\Documents\Visual Studio 2010\Projects\BO2_GT New Design\BO2_GT\PS3_Debug\ps3ppuld.15016.read.1.tlog
C:\Users\Reeko\Documents\Visual Studio 2010\Projects\BO2_GT New Design\BO2_GT\PS3_Debug\ps3ppuld.15016.write.1.tlog
C:\Users\Reeko\Documents\Visual Studio 2010\Projects\BO2_GT New Design\BO2_GT\PS3_Debug\ps3ppuld.15024.read.1.tlog
C:\Users\Reeko\Documents\Visual Studio 2010\Projects\BO2_GT New Design\BO2_GT\PS3_Debug\ps3ppuld.15024.write.1.tlog
C:\Users\Reeko\Documents\Visual Studio 2010\Projects\BO2_GT New Design\BO2_GT\PS3_Debug\ps3ppuld.15120.read.1.tlog
C:\Users\Reeko\Documents\Visual Studio 2010\Projects\BO2_GT New Design\BO2_GT\PS3_Debug\ps3ppuld.15120.write.1.tlog
C:\Users\Reeko\Documents\Visual Studio 2010\Projects\BO2_GT New Design\BO2_GT\PS3_Debug\ps3ppuld.15148.read.1.tlog
C:\Users\Reeko\Documents\Visual Studio 2010\Projects\BO2_GT New Design\BO2_GT\PS3_Debug\ps3ppuld.15148.write.1.tlog
C:\Users\Reeko\Documents\Visual Studio 2010\Projects\BO2_GT New Design\BO2_GT\PS3_Debug\ps3ppuld.15372.read.1.tlog
C:\Users\Reeko\Documents\Visual Studio 2010\Projects\BO2_GT New Design\BO2_GT\PS3_Debug\ps3ppuld.15372.write.1.tlog
C:\Users\Reeko\Documents\Visual Studio 2010\Projects\BO2_GT New Design\BO2_GT\PS3_Debug\ps3ppuld.15472.read.1.tlog
C:\Users\Reeko\Documents\Visual Studio 2010\Projects\BO2_GT New Design\BO2_GT\PS3_Debug\ps3ppuld.15472.write.1.tlog
C:\Users\Reeko\Documents\Visual Studio 2010\Projects\BO2_GT New Design\BO2_GT\PS3_Debug\ps3ppuld.15528.read.1.tlog
C:\Users\Reeko\Documents\Visual Studio 2010\Projects\BO2_GT New Design\BO2_GT\PS3_Debug\ps3ppuld.15528.write.1.tlog
C:\Users\Reeko\Documents\Visual Studio 2010\Projects\BO2_GT New Design\BO2_GT\PS3_Debug\ps3ppuld.15596.read.1.tlog
C:\Users\Reeko\Documents\Visual Studio 2010\Projects\BO2_GT New Design\BO2_GT\PS3_Debug\ps3ppuld.15596.write.1.tlog
C:\Users\Reeko\Documents\Visual Studio 2010\Projects\BO2_GT New Design\BO2_GT\PS3_Debug\ps3ppuld.15604.read.1.tlog
C:\Users\Reeko\Documents\Visual Studio 2010\Projects\BO2_GT New Design\BO2_GT\PS3_Debug\ps3ppuld.15604.write.1.tlog
C:\Users\Reeko\Documents\Visual Studio 2010\Projects\BO2_GT New Design\BO2_GT\PS3_Debug\ps3ppuld.15652.read.1.tlog
C:\Users\Reeko\Documents\Visual Studio 2010\Projects\BO2_GT New Design\BO2_GT\PS3_Debug\ps3ppuld.15652.write.1.tlog
C:\Users\Reeko\Documents\Visual Studio 2010\Projects\BO2_GT New Design\BO2_GT\PS3_Debug\ps3ppuld.15792.read.1.tlog
C:\Users\Reeko\Documents\Visual Studio 2010\Projects\BO2_GT New Design\BO2_GT\PS3_Debug\ps3ppuld.15792.write.1.tlog
C:\Users\Reeko\Documents\Visual Studio 2010\Projects\BO2_GT New Design\BO2_GT\PS3_Debug\ps3ppuld.15976.read.1.tlog
C:\Users\Reeko\Documents\Visual Studio 2010\Projects\BO2_GT New Design\BO2_GT\PS3_Debug\ps3ppuld.15976.write.1.tlog
C:\Users\Reeko\Documents\Visual Studio 2010\Projects\BO2_GT New Design\BO2_GT\PS3_Debug\ps3ppuld.16056.read.1.tlog
C:\Users\Reeko\Documents\Visual Studio 2010\Projects\BO2_GT New Design\BO2_GT\PS3_Debug\ps3ppuld.16056.write.1.tlog
C:\Users\Reeko\Documents\Visual Studio 2010\Projects\BO2_GT New Design\BO2_GT\PS3_Debug\ps3ppuld.16116.read.1.tlog
C:\Users\Reeko\Documents\Visual Studio 2010\Projects\BO2_GT New Design\BO2_GT\PS3_Debug\ps3ppuld.16116.write.1.tlog
C:\Users\Reeko\Documents\Visual Studio 2010\Projects\BO2_GT New Design\BO2_GT\PS3_Debug\ps3ppuld.16152.read.1.tlog
C:\Users\Reeko\Documents\Visual Studio 2010\Projects\BO2_GT New Design\BO2_GT\PS3_Debug\ps3ppuld.16152.write.1.tlog
C:\Users\Reeko\Documents\Visual Studio 2010\Projects\BO2_GT New Design\BO2_GT\PS3_Debug\ps3ppuld.16236.read.1.tlog
C:\Users\Reeko\Documents\Visual Studio 2010\Projects\BO2_GT New Design\BO2_GT\PS3_Debug\ps3ppuld.16236.write.1.tlog
C:\Users\Reeko\Documents\Visual Studio 2010\Projects\BO2_GT New Design\BO2_GT\PS3_Debug\ps3ppuld.16584.read.1.tlog
C:\Users\Reeko\Documents\Visual Studio 2010\Projects\BO2_GT New Design\BO2_GT\PS3_Debug\ps3ppuld.16584.write.1.tlog
C:\Users\Reeko\Documents\Visual Studio 2010\Projects\BO2_GT New Design\BO2_GT\PS3_Debug\ps3ppuld.1696.read.1.tlog
C:\Users\Reeko\Documents\Visual Studio 2010\Projects\BO2_GT New Design\BO2_GT\PS3_Debug\ps3ppuld.1696.write.1.tlog
C:\Users\Reeko\Documents\Visual Studio 2010\Projects\BO2_GT New Design\BO2_GT\PS3_Debug\ps3ppuld.17048.read.1.tlog
C:\Users\Reeko\Documents\Visual Studio 2010\Projects\BO2_GT New Design\BO2_GT\PS3_Debug\ps3ppuld.17048.write.1.tlog
C:\Users\Reeko\Documents\Visual Studio 2010\Projects\BO2_GT New Design\BO2_GT\PS3_Debug\ps3ppuld.17152.read.1.tlog
C:\Users\Reeko\Documents\Visual Studio 2010\Projects\BO2_GT New Design\BO2_GT\PS3_Debug\ps3ppuld.17152.write.1.tlog
C:\Users\Reeko\Documents\Visual Studio 2010\Projects\BO2_GT New Design\BO2_GT\PS3_Debug\ps3ppuld.17276.read.1.tlog
C:\Users\Reeko\Documents\Visual Studio 2010\Projects\BO2_GT New Design\BO2_GT\PS3_Debug\ps3ppuld.17276.write.1.tlog
C:\Users\Reeko\Documents\Visual Studio 2010\Projects\BO2_GT New Design\BO2_GT\PS3_Debug\ps3ppuld.17412.read.1.tlog
C:\Users\Reeko\Documents\Visual Studio 2010\Projects\BO2_GT New Design\BO2_GT\PS3_Debug\ps3ppuld.17412.write.1.tlog
C:\Users\Reeko\Documents\Visual Studio 2010\Projects\BO2_GT New Design\BO2_GT\PS3_Debug\ps3ppuld.17504.read.1.tlog
C:\Users\Reeko\Documents\Visual Studio 2010\Projects\BO2_GT New Design\BO2_GT\PS3_Debug\ps3ppuld.17504.write.1.tlog
C:\Users\Reeko\Documents\Visual Studio 2010\Projects\BO2_GT New Design\BO2_GT\PS3_Debug\ps3ppuld.17864.read.1.tlog
C:\Users\Reeko\Documents\Visual Studio 2010\Projects\BO2_GT New Design\BO2_GT\PS3_Debug\ps3ppuld.17864.write.1.tlog
C:\Users\Reeko\Documents\Visual Studio 2010\Projects\BO2_GT New Design\BO2_GT\PS3_Debug\ps3ppuld.18440.read.1.tlog
C:\Users\Reeko\Documents\Visual Studio 2010\Projects\BO2_GT New Design\BO2_GT\PS3_Debug\ps3ppuld.18440.write.1.tlog
C:\Users\Reeko\Documents\Visual Studio 2010\Projects\BO2_GT New Design\BO2_GT\PS3_Debug\ps3ppuld.18476.read.1.tlog
C:\Users\Reeko\Documents\Visual Studio 2010\Projects\BO2_GT New Design\BO2_GT\PS3_Debug\ps3ppuld.18476.write.1.tlog
C:\Users\Reeko\Documents\Visual Studio 2010\Projects\BO2_GT New Design\BO2_GT\PS3_Debug\ps3ppuld.18488.read.1.tlog
C:\Users\Reeko\Documents\Visual Studio 2010\Projects\BO2_GT New Design\BO2_GT\PS3_Debug\ps3ppuld.18488.write.1.tlog
C:\Users\Reeko\Documents\Visual Studio 2010\Projects\BO2_GT New Design\BO2_GT\PS3_Debug\ps3ppuld.18572.read.1.tlog
C:\Users\Reeko\Documents\Visual Studio 2010\Projects\BO2_GT New Design\BO2_GT\PS3_Debug\ps3ppuld.18572.write.1.tlog
C:\Users\Reeko\Documents\Visual Studio 2010\Projects\BO2_GT New Design\BO2_GT\PS3_Debug\ps3ppuld.18580.read.1.tlog
C:\Users\Reeko\Documents\Visual Studio 2010\Projects\BO2_GT New Design\BO2_GT\PS3_Debug\ps3ppuld.18580.write.1.tlog
C:\Users\Reeko\Documents\Visual Studio 2010\Projects\BO2_GT New Design\BO2_GT\PS3_Debug\ps3ppuld.18612.read.1.tlog
C:\Users\Reeko\Documents\Visual Studio 2010\Projects\BO2_GT New Design\BO2_GT\PS3_Debug\ps3ppuld.18612.write.1.tlog
C:\Users\Reeko\Documents\Visual Studio 2010\Projects\BO2_GT New Design\BO2_GT\PS3_Debug\ps3ppuld.18788.read.1.tlog
C:\Users\Reeko\Documents\Visual Studio 2010\Projects\BO2_GT New Design\BO2_GT\PS3_Debug\ps3ppuld.18788.write.1.tlog
C:\Users\Reeko\Documents\Visual Studio 2010\Projects\BO2_GT New Design\BO2_GT\PS3_Debug\ps3ppuld.188.read.1.tlog
C:\Users\Reeko\Documents\Visual Studio 2010\Projects\BO2_GT New Design\BO2_GT\PS3_Debug\ps3ppuld.188.write.1.tlog
C:\Users\Reeko\Documents\Visual Studio 2010\Projects\BO2_GT New Design\BO2_GT\PS3_Debug\ps3ppuld.18824.read.1.tlog
C:\Users\Reeko\Documents\Visual Studio 2010\Projects\BO2_GT New Design\BO2_GT\PS3_Debug\ps3ppuld.18824.write.1.tlog
C:\Users\Reeko\Documents\Visual Studio 2010\Projects\BO2_GT New Design\BO2_GT\PS3_Debug\ps3ppuld.18936.read.1.tlog
C:\Users\Reeko\Documents\Visual Studio 2010\Projects\BO2_GT New Design\BO2_GT\PS3_Debug\ps3ppuld.18936.write.1.tlog
C:\Users\Reeko\Documents\Visual Studio 2010\Projects\BO2_GT New Design\BO2_GT\PS3_Debug\ps3ppuld.1896.read.1.tlog
C:\Users\Reeko\Documents\Visual Studio 2010\Projects\BO2_GT New Design\BO2_GT\PS3_Debug\ps3ppuld.1896.write.1.tlog
C:\Users\Reeko\Documents\Visual Studio 2010\Projects\BO2_GT New Design\BO2_GT\PS3_Debug\ps3ppuld.19072.read.1.tlog
C:\Users\Reeko\Documents\Visual Studio 2010\Projects\BO2_GT New Design\BO2_GT\PS3_Debug\ps3ppuld.19072.write.1.tlog
C:\Users\Reeko\Documents\Visual Studio 2010\Projects\BO2_GT New Design\BO2_GT\PS3_Debug\ps3ppuld.1908.read.1.tlog
C:\Users\Reeko\Documents\Visual Studio 2010\Projects\BO2_GT New Design\BO2_GT\PS3_Debug\ps3ppuld.1908.write.1.tlog
C:\Users\Reeko\Documents\Visual Studio 2010\Projects\BO2_GT New Design\BO2_GT\PS3_Debug\ps3ppuld.19248.read.1.tlog
C:\Users\Reeko\Documents\Visual Studio 2010\Projects\BO2_GT New Design\BO2_GT\PS3_Debug\ps3ppuld.19248.write.1.tlog
C:\Users\Reeko\Documents\Visual Studio 2010\Projects\BO2_GT New Design\BO2_GT\PS3_Debug\ps3ppuld.1932.read.1.tlog
C:\Users\Reeko\Documents\Visual Studio 2010\Projects\BO2_GT New Design\BO2_GT\PS3_Debug\ps3ppuld.1932.write.1.tlog
C:\Users\Reeko\Documents\Visual Studio 2010\Projects\BO2_GT New Design\BO2_GT\PS3_Debug\ps3ppuld.19340.read.1.tlog
C:\Users\Reeko\Documents\Visual Studio 2010\Projects\BO2_GT New Design\BO2_GT\PS3_Debug\ps3ppuld.19340.write.1.tlog
C:\Users\Reeko\Documents\Visual Studio 2010\Projects\BO2_GT New Design\BO2_GT\PS3_Debug\ps3ppuld.19496.read.1.tlog
C:\Users\Reeko\Documents\Visual Studio 2010\Projects\BO2_GT New Design\BO2_GT\PS3_Debug\ps3ppuld.19496.write.1.tlog
C:\Users\Reeko\Documents\Visual Studio 2010\Projects\BO2_GT New Design\BO2_GT\PS3_Debug\ps3ppuld.19592.read.1.tlog
C:\Users\Reeko\Documents\Visual Studio 2010\Projects\BO2_GT New Design\BO2_GT\PS3_Debug\ps3ppuld.19592.write.1.tlog
C:\Users\Reeko\Documents\Visual Studio 2010\Projects\BO2_GT New Design\BO2_GT\PS3_Debug\ps3ppuld.19692.read.1.tlog
C:\Users\Reeko\Documents\Visual Studio 2010\Projects\BO2_GT New Design\BO2_GT\PS3_Debug\ps3ppuld.19692.write.1.tlog
C:\Users\Reeko\Documents\Visual Studio 2010\Projects\BO2_GT New Design\BO2_GT\PS3_Debug\ps3ppuld.19724.read.1.tlog
C:\Users\Reeko\Documents\Visual Studio 2010\Projects\BO2_GT New Design\BO2_GT\PS3_Debug\ps3ppuld.19724.write.1.tlog
C:\Users\Reeko\Documents\Visual Studio 2010\Projects\BO2_GT New Design\BO2_GT\PS3_Debug\ps3ppuld.19944.read.1.tlog
C:\Users\Reeko\Documents\Visual Studio 2010\Projects\BO2_GT New Design\BO2_GT\PS3_Debug\ps3ppuld.19944.write.1.tlog
C:\Users\Reeko\Documents\Visual Studio 2010\Projects\BO2_GT New Design\BO2_GT\PS3_Debug\ps3ppuld.19952.read.1.tlog
C:\Users\Reeko\Documents\Visual Studio 2010\Projects\BO2_GT New Design\BO2_GT\PS3_Debug\ps3ppuld.19952.write.1.tlog
C:\Users\Reeko\Documents\Visual Studio 2010\Projects\BO2_GT New Design\BO2_GT\PS3_Debug\ps3ppuld.20152.read.1.tlog
C:\Users\Reeko\Documents\Visual Studio 2010\Projects\BO2_GT New Design\BO2_GT\PS3_Debug\ps3ppuld.20152.write.1.tlog
C:\Users\Reeko\Documents\Visual Studio 2010\Projects\BO2_GT New Design\BO2_GT\PS3_Debug\ps3ppuld.20520.read.1.tlog
C:\Users\Reeko\Documents\Visual Studio 2010\Projects\BO2_GT New Design\BO2_GT\PS3_Debug\ps3ppuld.20520.write.1.tlog
C:\Users\Reeko\Documents\Visual Studio 2010\Projects\BO2_GT New Design\BO2_GT\PS3_Debug\ps3ppuld.20776.read.1.tlog
C:\Users\Reeko\Documents\Visual Studio 2010\Projects\BO2_GT New Design\BO2_GT\PS3_Debug\ps3ppuld.20776.write.1.tlog
C:\Users\Reeko\Documents\Visual Studio 2010\Projects\BO2_GT New Design\BO2_GT\PS3_Debug\ps3ppuld.20864.read.1.tlog
C:\Users\Reeko\Documents\Visual Studio 2010\Projects\BO2_GT New Design\BO2_GT\PS3_Debug\ps3ppuld.20864.write.1.tlog
C:\Users\Reeko\Documents\Visual Studio 2010\Projects\BO2_GT New Design\BO2_GT\PS3_Debug\ps3ppuld.20980.read.1.tlog
C:\Users\Reeko\Documents\Visual Studio 2010\Projects\BO2_GT New Design\BO2_GT\PS3_Debug\ps3ppuld.20980.write.1.tlog
C:\Users\Reeko\Documents\Visual Studio 2010\Projects\BO2_GT New Design\BO2_GT\PS3_Debug\ps3ppuld.21040.read.1.tlog
C:\Users\Reeko\Documents\Visual Studio 2010\Projects\BO2_GT New Design\BO2_GT\PS3_Debug\ps3ppuld.21040.write.1.tlog
C:\Users\Reeko\Documents\Visual Studio 2010\Projects\BO2_GT New Design\BO2_GT\PS3_Debug\ps3ppuld.21184.read.1.tlog
C:\Users\Reeko\Documents\Visual Studio 2010\Projects\BO2_GT New Design\BO2_GT\PS3_Debug\ps3ppuld.21184.write.1.tlog
C:\Users\Reeko\Documents\Visual Studio 2010\Projects\BO2_GT New Design\BO2_GT\PS3_Debug\ps3ppuld.21584.read.1.tlog
C:\Users\Reeko\Documents\Visual Studio 2010\Projects\BO2_GT New Design\BO2_GT\PS3_Debug\ps3ppuld.21584.write.1.tlog
C:\Users\Reeko\Documents\Visual Studio 2010\Projects\BO2_GT New Design\BO2_GT\PS3_Debug\ps3ppuld.21604.read.1.tlog
C:\Users\Reeko\Documents\Visual Studio 2010\Projects\BO2_GT New Design\BO2_GT\PS3_Debug\ps3ppuld.21604.write.1.tlog
C:\Users\Reeko\Documents\Visual Studio 2010\Projects\BO2_GT New Design\BO2_GT\PS3_Debug\ps3ppuld.21748.read.1.tlog
C:\Users\Reeko\Documents\Visual Studio 2010\Projects\BO2_GT New Design\BO2_GT\PS3_Debug\ps3ppuld.21748.write.1.tlog
C:\Users\Reeko\Documents\Visual Studio 2010\Projects\BO2_GT New Design\BO2_GT\PS3_Debug\ps3ppuld.21868.read.1.tlog
C:\Users\Reeko\Documents\Visual Studio 2010\Projects\BO2_GT New Design\BO2_GT\PS3_Debug\ps3ppuld.21868.write.1.tlog
C:\Users\Reeko\Documents\Visual Studio 2010\Projects\BO2_GT New Design\BO2_GT\PS3_Debug\ps3ppuld.21896.read.1.tlog
C:\Users\Reeko\Documents\Visual Studio 2010\Projects\BO2_GT New Design\BO2_GT\PS3_Debug\ps3ppuld.21896.write.1.tlog
C:\Users\Reeko\Documents\Visual Studio 2010\Projects\BO2_GT New Design\BO2_GT\PS3_Debug\ps3ppuld.21916.read.1.tlog
C:\Users\Reeko\Documents\Visual Studio 2010\Projects\BO2_GT New Design\BO2_GT\PS3_Debug\ps3ppuld.21916.write.1.tlog
C:\Users\Reeko\Documents\Visual Studio 2010\Projects\BO2_GT New Design\BO2_GT\PS3_Debug\ps3ppuld.21992.read.1.tlog
C:\Users\Reeko\Documents\Visual Studio 2010\Projects\BO2_GT New Design\BO2_GT\PS3_Debug\ps3ppuld.21992.write.1.tlog
C:\Users\Reeko\Documents\Visual Studio 2010\Projects\BO2_GT New Design\BO2_GT\PS3_Debug\ps3ppuld.22056.read.1.tlog
C:\Users\Reeko\Documents\Visual Studio 2010\Projects\BO2_GT New Design\BO2_GT\PS3_Debug\ps3ppuld.22056.write.1.tlog
C:\Users\Reeko\Documents\Visual Studio 2010\Projects\BO2_GT New Design\BO2_GT\PS3_Debug\ps3ppuld.22208.read.1.tlog
C:\Users\Reeko\Documents\Visual Studio 2010\Projects\BO2_GT New Design\BO2_GT\PS3_Debug\ps3ppuld.22208.write.1.tlog
C:\Users\Reeko\Documents\Visual Studio 2010\Projects\BO2_GT New Design\BO2_GT\PS3_Debug\ps3ppuld.22336.read.1.tlog
C:\Users\Reeko\Documents\Visual Studio 2010\Projects\BO2_GT New Design\BO2_GT\PS3_Debug\ps3ppuld.22336.write.1.tlog
C:\Users\Reeko\Documents\Visual Studio 2010\Projects\BO2_GT New Design\BO2_GT\PS3_Debug\ps3ppuld.22380.read.1.tlog
C:\Users\Reeko\Documents\Visual Studio 2010\Projects\BO2_GT New Design\BO2_GT\PS3_Debug\ps3ppuld.22380.write.1.tlog
C:\Users\Reeko\Documents\Visual Studio 2010\Projects\BO2_GT New Design\BO2_GT\PS3_Debug\ps3ppuld.22392.read.1.tlog
C:\Users\Reeko\Documents\Visual Studio 2010\Projects\BO2_GT New Design\BO2_GT\PS3_Debug\ps3ppuld.22392.write.1.tlog
C:\Users\Reeko\Documents\Visual Studio 2010\Projects\BO2_GT New Design\BO2_GT\PS3_Debug\ps3ppuld.22468.read.1.tlog
C:\Users\Reeko\Documents\Visual Studio 2010\Projects\BO2_GT New Design\BO2_GT\PS3_Debug\ps3ppuld.22468.write.1.tlog
C:\Users\Reeko\Documents\Visual Studio 2010\Projects\BO2_GT New Design\BO2_GT\PS3_Debug\ps3ppuld.22524.read.1.tlog
C:\Users\Reeko\Documents\Visual Studio 2010\Projects\BO2_GT New Design\BO2_GT\PS3_Debug\ps3ppuld.22524.write.1.tlog
C:\Users\Reeko\Documents\Visual Studio 2010\Projects\BO2_GT New Design\BO2_GT\PS3_Debug\ps3ppuld.22812.read.1.tlog
C:\Users\Reeko\Documents\Visual Studio 2010\Projects\BO2_GT New Design\BO2_GT\PS3_Debug\ps3ppuld.22812.write.1.tlog
C:\Users\Reeko\Documents\Visual Studio 2010\Projects\BO2_GT New Design\BO2_GT\PS3_Debug\ps3ppuld.2292.read.1.tlog
C:\Users\Reeko\Documents\Visual Studio 2010\Projects\BO2_GT New Design\BO2_GT\PS3_Debug\ps3ppuld.2292.write.1.tlog
C:\Users\Reeko\Documents\Visual Studio 2010\Projects\BO2_GT New Design\BO2_GT\PS3_Debug\ps3ppuld.22936.read.1.tlog
C:\Users\Reeko\Documents\Visual Studio 2010\Projects\BO2_GT New Design\BO2_GT\PS3_Debug\ps3ppuld.22936.write.1.tlog
C:\Users\Reeko\Documents\Visual Studio 2010\Projects\BO2_GT New Design\BO2_GT\PS3_Debug\ps3ppuld.23004.read.1.tlog
C:\Users\Reeko\Documents\Visual Studio 2010\Projects\BO2_GT New Design\BO2_GT\PS3_Debug\ps3ppuld.23004.write.1.tlog
C:\Users\Reeko\Documents\Visual Studio 2010\Projects\BO2_GT New Design\BO2_GT\PS3_Debug\ps3ppuld.23392.read.1.tlog
C:\Users\Reeko\Documents\Visual Studio 2010\Projects\BO2_GT New Design\BO2_GT\PS3_Debug\ps3ppuld.23392.write.1.tlog
C:\Users\Reeko\Documents\Visual Studio 2010\Projects\BO2_GT New Design\BO2_GT\PS3_Debug\ps3ppuld.23488.read.1.tlog
C:\Users\Reeko\Documents\Visual Studio 2010\Projects\BO2_GT New Design\BO2_GT\PS3_Debug\ps3ppuld.23488.write.1.tlog
C:\Users\Reeko\Documents\Visual Studio 2010\Projects\BO2_GT New Design\BO2_GT\PS3_Debug\ps3ppuld.2352.read.1.tlog
C:\Users\Reeko\Documents\Visual Studio 2010\Projects\BO2_GT New Design\BO2_GT\PS3_Debug\ps3ppuld.2352.write.1.tlog
C:\Users\Reeko\Documents\Visual Studio 2010\Projects\BO2_GT New Design\BO2_GT\PS3_Debug\ps3ppuld.23652.read.1.tlog
C:\Users\Reeko\Documents\Visual Studio 2010\Projects\BO2_GT New Design\BO2_GT\PS3_Debug\ps3ppuld.23652.write.1.tlog
C:\Users\Reeko\Documents\Visual Studio 2010\Projects\BO2_GT New Design\BO2_GT\PS3_Debug\ps3ppuld.23688.read.1.tlog
C:\Users\Reeko\Documents\Visual Studio 2010\Projects\BO2_GT New Design\BO2_GT\PS3_Debug\ps3ppuld.23688.write.1.tlog
C:\Users\Reeko\Documents\Visual Studio 2010\Projects\BO2_GT New Design\BO2_GT\PS3_Debug\ps3ppuld.23708.read.1.tlog
C:\Users\Reeko\Documents\Visual Studio 2010\Projects\BO2_GT New Design\BO2_GT\PS3_Debug\ps3ppuld.23708.write.1.tlog
C:\Users\Reeko\Documents\Visual Studio 2010\Projects\BO2_GT New Design\BO2_GT\PS3_Debug\ps3ppuld.23756.read.1.tlog
C:\Users\Reeko\Documents\Visual Studio 2010\Projects\BO2_GT New Design\BO2_GT\PS3_Debug\ps3ppuld.23756.write.1.tlog
C:\Users\Reeko\Documents\Visual Studio 2010\Projects\BO2_GT New Design\BO2_GT\PS3_Debug\ps3ppuld.23772.read.1.tlog
C:\Users\Reeko\Documents\Visual Studio 2010\Projects\BO2_GT New Design\BO2_GT\PS3_Debug\ps3ppuld.23772.write.1.tlog
C:\Users\Reeko\Documents\Visual Studio 2010\Projects\BO2_GT New Design\BO2_GT\PS3_Debug\ps3ppuld.23792.read.1.tlog
C:\Users\Reeko\Documents\Visual Studio 2010\Projects\BO2_GT New Design\BO2_GT\PS3_Debug\ps3ppuld.23792.write.1.tlog
C:\Users\Reeko\Documents\Visual Studio 2010\Projects\BO2_GT New Design\BO2_GT\PS3_Debug\ps3ppuld.23860.read.1.tlog
C:\Users\Reeko\Documents\Visual Studio 2010\Projects\BO2_GT New Design\BO2_GT\PS3_Debug\ps3ppuld.23860.write.1.tlog
C:\Users\Reeko\Documents\Visual Studio 2010\Projects\BO2_GT New Design\BO2_GT\PS3_Debug\ps3ppuld.24064.read.1.tlog
C:\Users\Reeko\Documents\Visual Studio 2010\Projects\BO2_GT New Design\BO2_GT\PS3_Debug\ps3ppuld.24064.write.1.tlog
C:\Users\Reeko\Documents\Visual Studio 2010\Projects\BO2_GT New Design\BO2_GT\PS3_Debug\ps3ppuld.24196.read.1.tlog
C:\Users\Reeko\Documents\Visual Studio 2010\Projects\BO2_GT New Design\BO2_GT\PS3_Debug\ps3ppuld.24196.write.1.tlog
C:\Users\Reeko\Documents\Visual Studio 2010\Projects\BO2_GT New Design\BO2_GT\PS3_Debug\ps3ppuld.24332.read.1.tlog
C:\Users\Reeko\Documents\Visual Studio 2010\Projects\BO2_GT New Design\BO2_GT\PS3_Debug\ps3ppuld.24332.write.1.tlog
C:\Users\Reeko\Documents\Visual Studio 2010\Projects\BO2_GT New Design\BO2_GT\PS3_Debug\ps3ppuld.24472.read.1.tlog
C:\Users\Reeko\Documents\Visual Studio 2010\Projects\BO2_GT New Design\BO2_GT\PS3_Debug\ps3ppuld.24472.write.1.tlog
C:\Users\Reeko\Documents\Visual Studio 2010\Projects\BO2_GT New Design\BO2_GT\PS3_Debug\ps3ppuld.2796.read.1.tlog
C:\Users\Reeko\Documents\Visual Studio 2010\Projects\BO2_GT New Design\BO2_GT\PS3_Debug\ps3ppuld.2796.write.1.tlog
C:\Users\Reeko\Documents\Visual Studio 2010\Projects\BO2_GT New Design\BO2_GT\PS3_Debug\ps3ppuld.2844.read.1.tlog
C:\Users\Reeko\Documents\Visual Studio 2010\Projects\BO2_GT New Design\BO2_GT\PS3_Debug\ps3ppuld.2844.write.1.tlog
C:\Users\Reeko\Documents\Visual Studio 2010\Projects\BO2_GT New Design\BO2_GT\PS3_Debug\ps3ppuld.2888.read.1.tlog
C:\Users\Reeko\Documents\Visual Studio 2010\Projects\BO2_GT New Design\BO2_GT\PS3_Debug\ps3ppuld.2888.write.1.tlog
C:\Users\Reeko\Documents\Visual Studio 2010\Projects\BO2_GT New Design\BO2_GT\PS3_Debug\ps3ppuld.3104.read.1.tlog
C:\Users\Reeko\Documents\Visual Studio 2010\Projects\BO2_GT New Design\BO2_GT\PS3_Debug\ps3ppuld.3104.write.1.tlog
C:\Users\Reeko\Documents\Visual Studio 2010\Projects\BO2_GT New Design\BO2_GT\PS3_Debug\ps3ppuld.3136.read.1.tlog
C:\Users\Reeko\Documents\Visual Studio 2010\Projects\BO2_GT New Design\BO2_GT\PS3_Debug\ps3ppuld.3136.write.1.tlog
C:\Users\Reeko\Documents\Visual Studio 2010\Projects\BO2_GT New Design\BO2_GT\PS3_Debug\ps3ppuld.3184.read.1.tlog
C:\Users\Reeko\Documents\Visual Studio 2010\Projects\BO2_GT New Design\BO2_GT\PS3_Debug\ps3ppuld.3184.write.1.tlog
C:\Users\Reeko\Documents\Visual Studio 2010\Projects\BO2_GT New Design\BO2_GT\PS3_Debug\ps3ppuld.324.read.1.tlog
C:\Users\Reeko\Documents\Visual Studio 2010\Projects\BO2_GT New Design\BO2_GT\PS3_Debug\ps3ppuld.324.write.1.tlog
C:\Users\Reeko\Documents\Visual Studio 2010\Projects\BO2_GT New Design\BO2_GT\PS3_Debug\ps3ppuld.3556.read.1.tlog
C:\Users\Reeko\Documents\Visual Studio 2010\Projects\BO2_GT New Design\BO2_GT\PS3_Debug\ps3ppuld.3556.write.1.tlog
C:\Users\Reeko\Documents\Visual Studio 2010\Projects\BO2_GT New Design\BO2_GT\PS3_Debug\ps3ppuld.3616.read.1.tlog
C:\Users\Reeko\Documents\Visual Studio 2010\Projects\BO2_GT New Design\BO2_GT\PS3_Debug\ps3ppuld.3616.write.1.tlog
C:\Users\Reeko\Documents\Visual Studio 2010\Projects\BO2_GT New Design\BO2_GT\PS3_Debug\ps3ppuld.3640.read.1.tlog
C:\Users\Reeko\Documents\Visual Studio 2010\Projects\BO2_GT New Design\BO2_GT\PS3_Debug\ps3ppuld.3640.write.1.tlog
C:\Users\Reeko\Documents\Visual Studio 2010\Projects\BO2_GT New Design\BO2_GT\PS3_Debug\ps3ppuld.3668.read.1.tlog
C:\Users\Reeko\Documents\Visual Studio 2010\Projects\BO2_GT New Design\BO2_GT\PS3_Debug\ps3ppuld.3668.write.1.tlog
C:\Users\Reeko\Documents\Visual Studio 2010\Projects\BO2_GT New Design\BO2_GT\PS3_Debug\ps3ppuld.3680.read.1.tlog
C:\Users\Reeko\Documents\Visual Studio 2010\Projects\BO2_GT New Design\BO2_GT\PS3_Debug\ps3ppuld.3680.write.1.tlog
C:\Users\Reeko\Documents\Visual Studio 2010\Projects\BO2_GT New Design\BO2_GT\PS3_Debug\ps3ppuld.3736.read.1.tlog
C:\Users\Reeko\Documents\Visual Studio 2010\Projects\BO2_GT New Design\BO2_GT\PS3_Debug\ps3ppuld.3736.write.1.tlog
C:\Users\Reeko\Documents\Visual Studio 2010\Projects\BO2_GT New Design\BO2_GT\PS3_Debug\ps3ppuld.3760.read.1.tlog
C:\Users\Reeko\Documents\Visual Studio 2010\Projects\BO2_GT New Design\BO2_GT\PS3_Debug\ps3ppuld.3760.write.1.tlog
C:\Users\Reeko\Documents\Visual Studio 2010\Projects\BO2_GT New Design\BO2_GT\PS3_Debug\ps3ppuld.4316.read.1.tlog
C:\Users\Reeko\Documents\Visual Studio 2010\Projects\BO2_GT New Design\BO2_GT\PS3_Debug\ps3ppuld.4316.write.1.tlog
C:\Users\Reeko\Documents\Visual Studio 2010\Projects\BO2_GT New Design\BO2_GT\PS3_Debug\ps3ppuld.4472.read.1.tlog
C:\Users\Reeko\Documents\Visual Studio 2010\Projects\BO2_GT New Design\BO2_GT\PS3_Debug\ps3ppuld.4472.write.1.tlog
C:\Users\Reeko\Documents\Visual Studio 2010\Projects\BO2_GT New Design\BO2_GT\PS3_Debug\ps3ppuld.4616.read.1.tlog
C:\Users\Reeko\Documents\Visual Studio 2010\Projects\BO2_GT New Design\BO2_GT\PS3_Debug\ps3ppuld.4616.write.1.tlog
C:\Users\Reeko\Documents\Visual Studio 2010\Projects\BO2_GT New Design\BO2_GT\PS3_Debug\ps3ppuld.472.read.1.tlog
C:\Users\Reeko\Documents\Visual Studio 2010\Projects\BO2_GT New Design\BO2_GT\PS3_Debug\ps3ppuld.472.write.1.tlog
C:\Users\Reeko\Documents\Visual Studio 2010\Projects\BO2_GT New Design\BO2_GT\PS3_Debug\ps3ppuld.4788.read.1.tlog
C:\Users\Reeko\Documents\Visual Studio 2010\Projects\BO2_GT New Design\BO2_GT\PS3_Debug\ps3ppuld.4788.write.1.tlog
C:\Users\Reeko\Documents\Visual Studio 2010\Projects\BO2_GT New Design\BO2_GT\PS3_Debug\ps3ppuld.4868.read.1.tlog
C:\Users\Reeko\Documents\Visual Studio 2010\Projects\BO2_GT New Design\BO2_GT\PS3_Debug\ps3ppuld.4868.write.1.tlog
C:\Users\Reeko\Documents\Visual Studio 2010\Projects\BO2_GT New Design\BO2_GT\PS3_Debug\ps3ppuld.5076.read.1.tlog
C:\Users\Reeko\Documents\Visual Studio 2010\Projects\BO2_GT New Design\BO2_GT\PS3_Debug\ps3ppuld.5076.write.1.tlog
C:\Users\Reeko\Documents\Visual Studio 2010\Projects\BO2_GT New Design\BO2_GT\PS3_Debug\ps3ppuld.5396.read.1.tlog
C:\Users\Reeko\Documents\Visual Studio 2010\Projects\BO2_GT New Design\BO2_GT\PS3_Debug\ps3ppuld.5396.write.1.tlog
C:\Users\Reeko\Documents\Visual Studio 2010\Projects\BO2_GT New Design\BO2_GT\PS3_Debug\ps3ppuld.5744.read.1.tlog
C:\Users\Reeko\Documents\Visual Studio 2010\Projects\BO2_GT New Design\BO2_GT\PS3_Debug\ps3ppuld.5744.write.1.tlog
C:\Users\Reeko\Documents\Visual Studio 2010\Projects\BO2_GT New Design\BO2_GT\PS3_Debug\ps3ppuld.6112.read.1.tlog
C:\Users\Reeko\Documents\Visual Studio 2010\Projects\BO2_GT New Design\BO2_GT\PS3_Debug\ps3ppuld.6112.write.1.tlog
C:\Users\Reeko\Documents\Visual Studio 2010\Projects\BO2_GT New Design\BO2_GT\PS3_Debug\ps3ppuld.6380.read.1.tlog
C:\Users\Reeko\Documents\Visual Studio 2010\Projects\BO2_GT New Design\BO2_GT\PS3_Debug\ps3ppuld.6380.write.1.tlog
C:\Users\Reeko\Documents\Visual Studio 2010\Projects\BO2_GT New Design\BO2_GT\PS3_Debug\ps3ppuld.6420.read.1.tlog
C:\Users\Reeko\Documents\Visual Studio 2010\Projects\BO2_GT New Design\BO2_GT\PS3_Debug\ps3ppuld.6420.write.1.tlog
C:\Users\Reeko\Documents\Visual Studio 2010\Projects\BO2_GT New Design\BO2_GT\PS3_Debug\ps3ppuld.6424.read.1.tlog
C:\Users\Reeko\Documents\Visual Studio 2010\Projects\BO2_GT New Design\BO2_GT\PS3_Debug\ps3ppuld.6424.write.1.tlog
C:\Users\Reeko\Documents\Visual Studio 2010\Projects\BO2_GT New Design\BO2_GT\PS3_Debug\ps3ppuld.6488.read.1.tlog
C:\Users\Reeko\Documents\Visual Studio 2010\Projects\BO2_GT New Design\BO2_GT\PS3_Debug\ps3ppuld.6488.write.1.tlog
C:\Users\Reeko\Documents\Visual Studio 2010\Projects\BO2_GT New Design\BO2_GT\PS3_Debug\ps3ppuld.6520.read.1.tlog
C:\Users\Reeko\Documents\Visual Studio 2010\Projects\BO2_GT New Design\BO2_GT\PS3_Debug\ps3ppuld.6520.write.1.tlog
C:\Users\Reeko\Documents\Visual Studio 2010\Projects\BO2_GT New Design\BO2_GT\PS3_Debug\ps3ppuld.6572.read.1.tlog
C:\Users\Reeko\Documents\Visual Studio 2010\Projects\BO2_GT New Design\BO2_GT\PS3_Debug\ps3ppuld.6572.write.1.tlog
C:\Users\Reeko\Documents\Visual Studio 2010\Projects\BO2_GT New Design\BO2_GT\PS3_Debug\ps3ppuld.6732.read.1.tlog
C:\Users\Reeko\Documents\Visual Studio 2010\Projects\BO2_GT New Design\BO2_GT\PS3_Debug\ps3ppuld.6732.write.1.tlog
C:\Users\Reeko\Documents\Visual Studio 2010\Projects\BO2_GT New Design\BO2_GT\PS3_Debug\ps3ppuld.6828.read.1.tlog
C:\Users\Reeko\Documents\Visual Studio 2010\Projects\BO2_GT New Design\BO2_GT\PS3_Debug\ps3ppuld.6828.write.1.tlog
C:\Users\Reeko\Documents\Visual Studio 2010\Projects\BO2_GT New Design\BO2_GT\PS3_Debug\ps3ppuld.7012.read.1.tlog
C:\Users\Reeko\Documents\Visual Studio 2010\Projects\BO2_GT New Design\BO2_GT\PS3_Debug\ps3ppuld.7012.write.1.tlog
C:\Users\Reeko\Documents\Visual Studio 2010\Projects\BO2_GT New Design\BO2_GT\PS3_Debug\ps3ppuld.7052.read.1.tlog
C:\Users\Reeko\Documents\Visual Studio 2010\Projects\BO2_GT New Design\BO2_GT\PS3_Debug\ps3ppuld.7052.write.1.tlog
C:\Users\Reeko\Documents\Visual Studio 2010\Projects\BO2_GT New Design\BO2_GT\PS3_Debug\ps3ppuld.7120.read.1.tlog
C:\Users\Reeko\Documents\Visual Studio 2010\Projects\BO2_GT New Design\BO2_GT\PS3_Debug\ps3ppuld.7120.write.1.tlog
C:\Users\Reeko\Documents\Visual Studio 2010\Projects\BO2_GT New Design\BO2_GT\PS3_Debug\ps3ppuld.7480.read.1.tlog
C:\Users\Reeko\Documents\Visual Studio 2010\Projects\BO2_GT New Design\BO2_GT\PS3_Debug\ps3ppuld.7480.write.1.tlog
C:\Users\Reeko\Documents\Visual Studio 2010\Projects\BO2_GT New Design\BO2_GT\PS3_Debug\ps3ppuld.7640.read.1.tlog
C:\Users\Reeko\Documents\Visual Studio 2010\Projects\BO2_GT New Design\BO2_GT\PS3_Debug\ps3ppuld.7640.write.1.tlog
C:\Users\Reeko\Documents\Visual Studio 2010\Projects\BO2_GT New Design\BO2_GT\PS3_Debug\ps3ppuld.7748.read.1.tlog
C:\Users\Reeko\Documents\Visual Studio 2010\Projects\BO2_GT New Design\BO2_GT\PS3_Debug\ps3ppuld.7748.write.1.tlog
C:\Users\Reeko\Documents\Visual Studio 2010\Projects\BO2_GT New Design\BO2_GT\PS3_Debug\ps3ppuld.7880.read.1.tlog
C:\Users\Reeko\Documents\Visual Studio 2010\Projects\BO2_GT New Design\BO2_GT\PS3_Debug\ps3ppuld.7880.write.1.tlog
C:\Users\Reeko\Documents\Visual Studio 2010\Projects\BO2_GT New Design\BO2_GT\PS3_Debug\ps3ppuld.7916.read.1.tlog
C:\Users\Reeko\Documents\Visual Studio 2010\Projects\BO2_GT New Design\BO2_GT\PS3_Debug\ps3ppuld.7916.write.1.tlog
C:\Users\Reeko\Documents\Visual Studio 2010\Projects\BO2_GT New Design\BO2_GT\PS3_Debug\ps3ppuld.804.read.1.tlog
C:\Users\Reeko\Documents\Visual Studio 2010\Projects\BO2_GT New Design\BO2_GT\PS3_Debug\ps3ppuld.804.write.1.tlog
C:\Users\Reeko\Documents\Visual Studio 2010\Projects\BO2_GT New Design\BO2_GT\PS3_Debug\ps3ppuld.8068.read.1.tlog
C:\Users\Reeko\Documents\Visual Studio 2010\Projects\BO2_GT New Design\BO2_GT\PS3_Debug\ps3ppuld.8068.write.1.tlog
C:\Users\Reeko\Documents\Visual Studio 2010\Projects\BO2_GT New Design\BO2_GT\PS3_Debug\ps3ppuld.8284.read.1.tlog
C:\Users\Reeko\Documents\Visual Studio 2010\Projects\BO2_GT New Design\BO2_GT\PS3_Debug\ps3ppuld.8284.write.1.tlog
C:\Users\Reeko\Documents\Visual Studio 2010\Projects\BO2_GT New Design\BO2_GT\PS3_Debug\ps3ppuld.8392.read.1.tlog
C:\Users\Reeko\Documents\Visual Studio 2010\Projects\BO2_GT New Design\BO2_GT\PS3_Debug\ps3ppuld.8392.write.1.tlog
C:\Users\Reeko\Documents\Visual Studio 2010\Projects\BO2_GT New Design\BO2_GT\PS3_Debug\ps3ppuld.8412.read.1.tlog
C:\Users\Reeko\Documents\Visual Studio 2010\Projects\BO2_GT New Design\BO2_GT\PS3_Debug\ps3ppuld.8412.write.1.tlog
C:\Users\Reeko\Documents\Visual Studio 2010\Projects\BO2_GT New Design\BO2_GT\PS3_Debug\ps3ppuld.844.read.1.tlog
C:\Users\Reeko\Documents\Visual Studio 2010\Projects\BO2_GT New Design\BO2_GT\PS3_Debug\ps3ppuld.844.write.1.tlog
C:\Users\Reeko\Documents\Visual Studio 2010\Projects\BO2_GT New Design\BO2_GT\PS3_Debug\ps3ppuld.8460.read.1.tlog
C:\Users\Reeko\Documents\Visual Studio 2010\Projects\BO2_GT New Design\BO2_GT\PS3_Debug\ps3ppuld.8460.write.1.tlog
C:\Users\Reeko\Documents\Visual Studio 2010\Projects\BO2_GT New Design\BO2_GT\PS3_Debug\ps3ppuld.912.read.1.tlog
C:\Users\Reeko\Documents\Visual Studio 2010\Projects\BO2_GT New Design\BO2_GT\PS3_Debug\ps3ppuld.912.write.1.tlog
C:\Users\Reeko\Documents\Visual Studio 2010\Projects\BO2_GT New Design\BO2_GT\PS3_Debug\ps3ppuld.92.read.1.tlog
C:\Users\Reeko\Documents\Visual Studio 2010\Projects\BO2_GT New Design\BO2_GT\PS3_Debug\ps3ppuld.92.write.1.tlog
C:\Users\Reeko\Documents\Visual Studio 2010\Projects\BO2_GT New Design\BO2_GT\PS3_Debug\ps3ppuld.9228.read.1.tlog
C:\Users\Reeko\Documents\Visual Studio 2010\Projects\BO2_GT New Design\BO2_GT\PS3_Debug\ps3ppuld.9228.write.1.tlog
C:\Users\Reeko\Documents\Visual Studio 2010\Projects\BO2_GT New Design\BO2_GT\PS3_Debug\ps3ppuld.9280.read.1.tlog
C:\Users\Reeko\Documents\Visual Studio 2010\Projects\BO2_GT New Design\BO2_GT\PS3_Debug\ps3ppuld.9280.write.1.tlog
C:\Users\Reeko\Documents\Visual Studio 2010\Projects\BO2_GT New Design\BO2_GT\PS3_Debug\ps3ppuld.9620.read.1.tlog
C:\Users\Reeko\Documents\Visual Studio 2010\Projects\BO2_GT New Design\BO2_GT\PS3_Debug\ps3ppuld.9620.write.1.tlog
C:\Users\Reeko\Documents\Visual Studio 2010\Projects\BO2_GT New Design\BO2_GT\PS3_Debug\ps3ppuld.9692.read.1.tlog
C:\Users\Reeko\Documents\Visual Studio 2010\Projects\BO2_GT New Design\BO2_GT\PS3_Debug\ps3ppuld.9692.write.1.tlog
C:\Users\Reeko\Documents\Visual Studio 2010\Projects\BO2_GT New Design\BO2_GT\PS3_Debug\ps3ppuld.command.1.tlog
C:\Users\Reeko\Documents\Visual Studio 2010\Projects\BO2_GT New Design\BO2_GT\PS3_Debug\ps3ppuld.read.1.tlog
C:\Users\Reeko\Documents\Visual Studio 2010\Projects\BO2_GT New Design\BO2_GT\PS3_Debug\ps3ppuld.write.1.tlog
C:\Users\Reeko\Documents\Visual Studio 2010\Projects\BO2_GT New Design\BO2_GT\PS3_Debug\ps3ppuld-make_fself.read.1.tlog
C:\Users\Reeko\Documents\Visual Studio 2010\Projects\BO2_GT New Design\BO2_GT\PS3_Debug\ps3ppuld-make_fself.write.1.tlog
C:\Users\Reeko\Documents\Visual Studio 2010\Projects\BO2_GT New Design\BO2_GT\PS3_Debug\ps3ppuld-ppu-lv2-as.read.1.tlog
C:\Users\Reeko\Documents\Visual Studio 2010\Projects\BO2_GT New Design\BO2_GT\PS3_Debug\ps3ppuld-ppu-lv2-as.write.1.tlog
C:\Users\Reeko\Documents\Visual Studio 2010\Projects\BO2_GT New Design\BO2_GT\PS3_Debug\ps3ppuld-ppu-lv2-prx-fixup.read.1.tlog
C:\Users\Reeko\Documents\Visual Studio 2010\Projects\BO2_GT New Design\BO2_GT\PS3_Debug\ps3ppuld-ppu-lv2-prx-fixup.write.1.tlog
C:\Users\Reeko\Documents\Visual Studio 2010\Projects\BO2_GT New Design\BO2_GT\PS3_Debug\ps3ppuld-ppu-lv2-prx-libgen.read.1.tlog
C:\Users\Reeko\Documents\Visual Studio 2010\Projects\BO2_GT New Design\BO2_GT\PS3_Debug\ps3ppusnc.command.1.tlog
C:\Users\Reeko\Documents\Visual Studio 2010\Projects\BO2_GT New Design\BO2_GT\PS3_Debug\ps3ppusnc.read.1.tlog
C:\Users\Reeko\Documents\Visual Studio 2010\Projects\BO2_GT New Design\BO2_GT\PS3_Debug\ps3ppusnc.write.1.tlog
C:\USERS\REEKO\DOCUMENTS\VISUAL STUDIO 2010\PROJECTS\BO2_GT NEW DESIGN\PS3_DEBUG\BO2_GT.SPRX
C:\Users\Reeko\Documents\Visual Studio 2010\Projects\BO2_GT New Design\PS3_Debug\cellPrx_BO2_GT_stub.a
